[debug] [2024-11-28T20:40:04.180Z] ----------------------------------------------------------------------
[debug] [2024-11-28T20:40:04.183Z] Command:       C:\Program Files\nodejs\node.exe C:\Users\lloli\AppData\Roaming\npm\node_modules\firebase-tools\lib\bin\firebase.js serve
[debug] [2024-11-28T20:40:04.183Z] CLI Version:   13.24.2
[debug] [2024-11-28T20:40:04.184Z] Platform:      win32
[debug] [2024-11-28T20:40:04.184Z] Node Version:  v18.12.1
[debug] [2024-11-28T20:40:04.187Z] Time:          Thu Nov 28 2024 17:40:04 GMT-0300 (Horário Padrão de Brasília)
[debug] [2024-11-28T20:40:04.188Z] ----------------------------------------------------------------------
[debug] 
[debug] [2024-11-28T20:40:04.370Z] > command requires scopes: ["email","openid","https://www.googleapis.com/auth/cloudplatformprojects.readonly","https://www.googleapis.com/auth/firebase","https://www.googleapis.com/auth/cloud-platform"]
[debug] [2024-11-28T20:40:04.372Z] > authorizing via signed-in user (leonardo@apoiotech.com.br)
[debug] [2024-11-28T20:40:04.373Z] [iam] checking project gestor-financeiro-familiar for permissions ["firebase.projects.get"]
[debug] [2024-11-28T20:40:04.375Z] Checked if tokens are valid: false, expires at: 1732745395159
[debug] [2024-11-28T20:40:04.376Z] Checked if tokens are valid: false, expires at: 1732745395159
[debug] [2024-11-28T20:40:04.377Z] > refreshing access token with scopes: []
[debug] [2024-11-28T20:40:04.382Z] >>> [apiv2][query] POST https://www.googleapis.com/oauth2/v3/token [none]
[debug] [2024-11-28T20:40:04.382Z] >>> [apiv2][body] POST https://www.googleapis.com/oauth2/v3/token [omitted]
[debug] [2024-11-28T20:40:04.627Z] <<< [apiv2][status] POST https://www.googleapis.com/oauth2/v3/token 200
[debug] [2024-11-28T20:40:04.628Z] <<< [apiv2][body] POST https://www.googleapis.com/oauth2/v3/token [omitted]
[debug] [2024-11-28T20:40:04.640Z] >>> [apiv2][query] POST https://cloudresourcemanager.googleapis.com/v1/projects/gestor-financeiro-familiar:testIamPermissions [none]
[debug] [2024-11-28T20:40:04.641Z] >>> [apiv2][(partial)header] POST https://cloudresourcemanager.googleapis.com/v1/projects/gestor-financeiro-familiar:testIamPermissions x-goog-quota-user=projects/gestor-financeiro-familiar
[debug] [2024-11-28T20:40:04.641Z] >>> [apiv2][body] POST https://cloudresourcemanager.googleapis.com/v1/projects/gestor-financeiro-familiar:testIamPermissions {"permissions":["firebase.projects.get"]}
[debug] [2024-11-28T20:40:05.616Z] <<< [apiv2][status] POST https://cloudresourcemanager.googleapis.com/v1/projects/gestor-financeiro-familiar:testIamPermissions 200
[debug] [2024-11-28T20:40:05.616Z] <<< [apiv2][body] POST https://cloudresourcemanager.googleapis.com/v1/projects/gestor-financeiro-familiar:testIamPermissions {"permissions":["firebase.projects.get"]}
[debug] [2024-11-28T20:40:05.617Z] Checked if tokens are valid: true, expires at: 1732830003628
[debug] [2024-11-28T20:40:05.617Z] Checked if tokens are valid: true, expires at: 1732830003628
[debug] [2024-11-28T20:40:05.622Z] >>> [apiv2][query] GET https://firebase.googleapis.com/v1beta1/projects/gestor-financeiro-familiar [none]
[debug] [2024-11-28T20:40:06.091Z] <<< [apiv2][status] GET https://firebase.googleapis.com/v1beta1/projects/gestor-financeiro-familiar 200
[debug] [2024-11-28T20:40:06.092Z] <<< [apiv2][body] GET https://firebase.googleapis.com/v1beta1/projects/gestor-financeiro-familiar {"projectId":"gestor-financeiro-familiar","projectNumber":"555591106388","displayName":"kairos","name":"projects/gestor-financeiro-familiar","resources":{"hostingSite":"gestor-financeiro-familiar"},"state":"ACTIVE","etag":"1_8597bb38-d66a-4ca1-8409-7f53c0427ece"}
[info] 
[info] === Serving from 'C:\Projetos\Extra\kairos'...
[info] 
[debug] [2024-11-28T20:40:06.103Z] Checked if tokens are valid: true, expires at: 1732830003628
[debug] [2024-11-28T20:40:06.103Z] Checked if tokens are valid: true, expires at: 1732830003628
[debug] [2024-11-28T20:40:06.108Z] defaultcredentials: writing to file C:\Users\lloli\AppData\Roaming\firebase\leonardo_apoiotech_com.br_application_default_credentials.json
[debug] [2024-11-28T20:40:06.109Z] >>> [apiv2][query] GET https://firebasehosting.googleapis.com/v1beta1/projects/gestor-financeiro-familiar/sites 
[debug] [2024-11-28T20:40:06.114Z] Setting GAC to C:\Users\lloli\AppData\Roaming\firebase\leonardo_apoiotech_com.br_application_default_credentials.json {"metadata":{"emulator":{"name":"functions"},"message":"Setting GAC to C:\\Users\\lloli\\AppData\\Roaming\\firebase\\leonardo_apoiotech_com.br_application_default_credentials.json"}}
[debug] [2024-11-28T20:40:06.115Z] Checked if tokens are valid: true, expires at: 1732830003628
[debug] [2024-11-28T20:40:06.115Z] Checked if tokens are valid: true, expires at: 1732830003628
[debug] [2024-11-28T20:40:06.116Z] >>> [apiv2][query] GET https://firebase.googleapis.com/v1beta1/projects/gestor-financeiro-familiar/adminSdkConfig [none]
[debug] [2024-11-28T20:40:06.979Z] <<< [apiv2][status] GET https://firebase.googleapis.com/v1beta1/projects/gestor-financeiro-familiar/adminSdkConfig 200
[debug] [2024-11-28T20:40:06.979Z] <<< [apiv2][body] GET https://firebase.googleapis.com/v1beta1/projects/gestor-financeiro-familiar/adminSdkConfig {"projectId":"gestor-financeiro-familiar","storageBucket":"gestor-financeiro-familiar.firebasestorage.app"}
[debug] [2024-11-28T20:40:07.314Z] <<< [apiv2][status] GET https://firebasehosting.googleapis.com/v1beta1/projects/gestor-financeiro-familiar/sites 200
[debug] [2024-11-28T20:40:07.314Z] <<< [apiv2][body] GET https://firebasehosting.googleapis.com/v1beta1/projects/gestor-financeiro-familiar/sites {"sites":[{"name":"projects/gestor-financeiro-familiar/sites/gestor-financeiro-familiar","defaultUrl":"https://gestor-financeiro-familiar.web.app","appId":"1:555591106388:web:98d3a55379b581014592c1","type":"DEFAULT_SITE"}]}
[debug] [2024-11-28T20:40:07.315Z] Checked if tokens are valid: true, expires at: 1732830003628
[debug] [2024-11-28T20:40:07.315Z] Checked if tokens are valid: true, expires at: 1732830003628
[debug] [2024-11-28T20:40:07.315Z] >>> [apiv2][query] GET https://firebase.googleapis.com/v1beta1/projects/gestor-financeiro-familiar/webApps/1:555591106388:web:98d3a55379b581014592c1/config [none]
[debug] [2024-11-28T20:40:08.338Z] <<< [apiv2][status] GET https://firebase.googleapis.com/v1beta1/projects/gestor-financeiro-familiar/webApps/1:555591106388:web:98d3a55379b581014592c1/config 200
[debug] [2024-11-28T20:40:08.338Z] <<< [apiv2][body] GET https://firebase.googleapis.com/v1beta1/projects/gestor-financeiro-familiar/webApps/1:555591106388:web:98d3a55379b581014592c1/config {"projectId":"gestor-financeiro-familiar","appId":"1:555591106388:web:98d3a55379b581014592c1","storageBucket":"gestor-financeiro-familiar.firebasestorage.app","apiKey":"AIzaSyCFVsg42O7rX5fhwO2I4tyShnAr1k72JNw","authDomain":"gestor-financeiro-familiar.firebaseapp.com","messagingSenderId":"555591106388"}
[debug] [2024-11-28T20:40:08.347Z] Checked if tokens are valid: true, expires at: 1732830003628
[debug] [2024-11-28T20:40:08.347Z] Checked if tokens are valid: true, expires at: 1732830003628
[debug] [2024-11-28T20:40:08.347Z] >>> [apiv2][query] GET https://firebase.googleapis.com/v1beta1/projects/gestor-financeiro-familiar [none]
[debug] [2024-11-28T20:40:08.748Z] <<< [apiv2][status] GET https://firebase.googleapis.com/v1beta1/projects/gestor-financeiro-familiar 200
[debug] [2024-11-28T20:40:08.748Z] <<< [apiv2][body] GET https://firebase.googleapis.com/v1beta1/projects/gestor-financeiro-familiar {"projectId":"gestor-financeiro-familiar","projectNumber":"555591106388","displayName":"kairos","name":"projects/gestor-financeiro-familiar","resources":{"hostingSite":"gestor-financeiro-familiar"},"state":"ACTIVE","etag":"1_8597bb38-d66a-4ca1-8409-7f53c0427ece"}
[info] i  functions: Watching "C:\Projetos\Extra\kairos\functions" for Cloud Functions... {"metadata":{"emulator":{"name":"functions"},"message":"Watching \"C:\\Projetos\\Extra\\kairos\\functions\" for Cloud Functions..."}}
[info] i  hosting[gestor-financeiro-familiar]: Serving hosting files from: public {"metadata":{"emulator":{"name":"hosting"},"message":"Serving hosting files from: \u001b[1mpublic\u001b[22m"}}
[info] +  hosting[gestor-financeiro-familiar]: Local server: http://localhost:5000 {"metadata":{"emulator":{"name":"hosting"},"message":"Local server: \u001b[4m\u001b[1mhttp://localhost:5000\u001b[22m\u001b[24m"}}
[debug] [2024-11-28T20:40:08.783Z] Validating nodejs source
[warn] !  functions: package.json indicates an outdated version of firebase-functions. Please upgrade using npm install --save firebase-functions@latest in your functions directory. 
[debug] [2024-11-28T20:40:11.564Z] > [functions] package.json contents: {
  "name": "functions",
  "description": "Cloud Functions for Firebase",
  "scripts": {
    "serve": "firebase emulators:start --only functions",
    "shell": "firebase functions:shell",
    "start": "npm run shell",
    "deploy": "firebase deploy --only functions",
    "logs": "firebase functions:log"
  },
  "engines": {
    "node": "18"
  },
  "main": "index.js",
  "dependencies": {
    "date-fns-tz": "^3.2.0",
    "firebase": "^11.0.1",
    "firebase-admin": "^12.7.0",
    "firebase-functions": "^6.1.0",
    "json-object-merge": "^1.2.0"
  },
  "devDependencies": {
    "firebase-functions-test": "^3.0.0"
  },
  "private": true
}
[debug] [2024-11-28T20:40:11.564Z] Building nodejs source
[debug] [2024-11-28T20:40:11.565Z] Failed to find version of module node: reached end of search path C:\Projetos\Extra\kairos\functions\node_modules
[info] +  functions: Using node@18 from host. 
[debug] [2024-11-28T20:40:11.569Z] Could not find functions.yaml. Must use http discovery
[debug] [2024-11-28T20:40:11.588Z] Found firebase-functions binary at 'C:\Projetos\Extra\kairos\functions\node_modules\.bin\firebase-functions'
[info] Serving at port 8543

[debug] [2024-11-28T20:40:13.815Z] Got response from /__/functions.yaml {"endpoints":{"accounts":{"availableMemoryMb":null,"timeoutSeconds":null,"minInstances":null,"maxInstances":null,"ingressSettings":null,"concurrency":null,"serviceAccountEmail":null,"vpc":null,"platform":"gcfv2","labels":{},"httpsTrigger":{},"entryPoint":"accounts"},"categories":{"availableMemoryMb":null,"timeoutSeconds":null,"minInstances":null,"maxInstances":null,"ingressSettings":null,"concurrency":null,"serviceAccountEmail":null,"vpc":null,"platform":"gcfv2","labels":{},"httpsTrigger":{},"entryPoint":"categories"},"transactions":{"availableMemoryMb":null,"timeoutSeconds":null,"minInstances":null,"maxInstances":null,"ingressSettings":null,"concurrency":null,"serviceAccountEmail":null,"vpc":null,"platform":"gcfv2","labels":{},"httpsTrigger":{},"entryPoint":"transactions"},"users":{"availableMemoryMb":null,"timeoutSeconds":null,"minInstances":null,"maxInstances":null,"ingressSettings":null,"concurrency":null,"serviceAccountEmail":null,"vpc":null,"platform":"gcfv2","labels":{},"httpsTrigger":{},"entryPoint":"users"}},"specVersion":"v1alpha1","requiredAPIs":[],"extensions":{}}
[info] +  functions: Loaded functions definitions from source: accounts, categories, transactions, users. {"metadata":{"emulator":{"name":"functions"},"message":"Loaded functions definitions from source: accounts, categories, transactions, users."}}
[info] +  functions[us-central1-accounts]: http function initialized (http://localhost:5001/gestor-financeiro-familiar/us-central1/accounts). {"metadata":{"emulator":{"name":"functions"},"message":"\u001b[1mhttp\u001b[22m function initialized (http://localhost:5001/gestor-financeiro-familiar/us-central1/accounts)."}}
[info] +  functions[us-central1-categories]: http function initialized (http://localhost:5001/gestor-financeiro-familiar/us-central1/categories). {"metadata":{"emulator":{"name":"functions"},"message":"\u001b[1mhttp\u001b[22m function initialized (http://localhost:5001/gestor-financeiro-familiar/us-central1/categories)."}}
[info] +  functions[us-central1-transactions]: http function initialized (http://localhost:5001/gestor-financeiro-familiar/us-central1/transactions). {"metadata":{"emulator":{"name":"functions"},"message":"\u001b[1mhttp\u001b[22m function initialized (http://localhost:5001/gestor-financeiro-familiar/us-central1/transactions)."}}
[info] +  functions[us-central1-users]: http function initialized (http://localhost:5001/gestor-financeiro-familiar/us-central1/users). {"metadata":{"emulator":{"name":"functions"},"message":"\u001b[1mhttp\u001b[22m function initialized (http://localhost:5001/gestor-financeiro-familiar/us-central1/users)."}}
[info] i  hosting: ::1 - - [28/Nov/2024:20:41:31 +0000] "GET / HTTP/1.1" 200 - "-" "Mozilla/5.0 (iPhone; CPU iPhone OS 16_6 like Mac OS X) AppleWebKit/605.1.15 (KHTML, like Gecko) Version/16.6 Mobile/15E148 Safari/604.1" {"metadata":{"emulator":{"name":"hosting"},"message":"::1 - - [28/Nov/2024:20:41:31 +0000] \"GET / HTTP/1.1\" 200 - \"-\" \"Mozilla/5.0 (iPhone; CPU iPhone OS 16_6 like Mac OS X) AppleWebKit/605.1.15 (KHTML, like Gecko) Version/16.6 Mobile/15E148 Safari/604.1\""}}
[info] i  hosting: ::1 - - [28/Nov/2024:20:41:31 +0000] "GET /assets/css/custom.css HTTP/1.1" 200 - "http://localhost:5000/" "Mozilla/5.0 (iPhone; CPU iPhone OS 16_6 like Mac OS X) AppleWebKit/605.1.15 (KHTML, like Gecko) Version/16.6 Mobile/15E148 Safari/604.1" {"metadata":{"emulator":{"name":"hosting"},"message":"::1 - - [28/Nov/2024:20:41:31 +0000] \"GET /assets/css/custom.css HTTP/1.1\" 200 - \"http://localhost:5000/\" \"Mozilla/5.0 (iPhone; CPU iPhone OS 16_6 like Mac OS X) AppleWebKit/605.1.15 (KHTML, like Gecko) Version/16.6 Mobile/15E148 Safari/604.1\""}}
[info] i  hosting: ::1 - - [28/Nov/2024:20:41:31 +0000] "GET /assets/js/auth.js HTTP/1.1" 200 - "http://localhost:5000/" "Mozilla/5.0 (iPhone; CPU iPhone OS 16_6 like Mac OS X) AppleWebKit/605.1.15 (KHTML, like Gecko) Version/16.6 Mobile/15E148 Safari/604.1" {"metadata":{"emulator":{"name":"hosting"},"message":"::1 - - [28/Nov/2024:20:41:31 +0000] \"GET /assets/js/auth.js HTTP/1.1\" 200 - \"http://localhost:5000/\" \"Mozilla/5.0 (iPhone; CPU iPhone OS 16_6 like Mac OS X) AppleWebKit/605.1.15 (KHTML, like Gecko) Version/16.6 Mobile/15E148 Safari/604.1\""}}
[info] i  hosting: ::1 - - [28/Nov/2024:20:41:31 +0000] "GET /favicon.ico HTTP/1.1" 304 - "http://localhost:5000/" "Mozilla/5.0 (iPhone; CPU iPhone OS 16_6 like Mac OS X) AppleWebKit/605.1.15 (KHTML, like Gecko) Version/16.6 Mobile/15E148 Safari/604.1" {"metadata":{"emulator":{"name":"hosting"},"message":"::1 - - [28/Nov/2024:20:41:31 +0000] \"GET /favicon.ico HTTP/1.1\" 304 - \"http://localhost:5000/\" \"Mozilla/5.0 (iPhone; CPU iPhone OS 16_6 like Mac OS X) AppleWebKit/605.1.15 (KHTML, like Gecko) Version/16.6 Mobile/15E148 Safari/604.1\""}}
[info] i  hosting: ::1 - - [28/Nov/2024:20:41:33 +0000] "GET /pages/password-reset.html HTTP/1.1" 200 - "http://localhost:5000/" "Mozilla/5.0 (iPhone; CPU iPhone OS 16_6 like Mac OS X) AppleWebKit/605.1.15 (KHTML, like Gecko) Version/16.6 Mobile/15E148 Safari/604.1" {"metadata":{"emulator":{"name":"hosting"},"message":"::1 - - [28/Nov/2024:20:41:33 +0000] \"GET /pages/password-reset.html HTTP/1.1\" 200 - \"http://localhost:5000/\" \"Mozilla/5.0 (iPhone; CPU iPhone OS 16_6 like Mac OS X) AppleWebKit/605.1.15 (KHTML, like Gecko) Version/16.6 Mobile/15E148 Safari/604.1\""}}
[info] i  hosting: ::1 - - [28/Nov/2024:20:41:34 +0000] "GET /pages/assets/media/illustrations/sketchy-1/17.png HTTP/1.1" 304 - "http://localhost:5000/pages/password-reset.html" "Mozilla/5.0 (iPhone; CPU iPhone OS 16_6 like Mac OS X) AppleWebKit/605.1.15 (KHTML, like Gecko) Version/16.6 Mobile/15E148 Safari/604.1" {"metadata":{"emulator":{"name":"hosting"},"message":"::1 - - [28/Nov/2024:20:41:34 +0000] \"GET /pages/assets/media/illustrations/sketchy-1/17.png HTTP/1.1\" 304 - \"http://localhost:5000/pages/password-reset.html\" \"Mozilla/5.0 (iPhone; CPU iPhone OS 16_6 like Mac OS X) AppleWebKit/605.1.15 (KHTML, like Gecko) Version/16.6 Mobile/15E148 Safari/604.1\""}}
[info] i  hosting: ::1 - - [28/Nov/2024:20:42:00 +0000] "GET /index HTTP/1.1" 200 - "http://localhost:5000/pages/password-reset.html" "Mozilla/5.0 (iPhone; CPU iPhone OS 16_6 like Mac OS X) AppleWebKit/605.1.15 (KHTML, like Gecko) Version/16.6 Mobile/15E148 Safari/604.1" {"metadata":{"emulator":{"name":"hosting"},"message":"::1 - - [28/Nov/2024:20:42:00 +0000] \"GET /index HTTP/1.1\" 200 - \"http://localhost:5000/pages/password-reset.html\" \"Mozilla/5.0 (iPhone; CPU iPhone OS 16_6 like Mac OS X) AppleWebKit/605.1.15 (KHTML, like Gecko) Version/16.6 Mobile/15E148 Safari/604.1\""}}
[info] i  hosting: ::1 - - [28/Nov/2024:20:42:00 +0000] "GET /favicon.ico HTTP/1.1" 304 - "http://localhost:5000/index" "Mozilla/5.0 (iPhone; CPU iPhone OS 16_6 like Mac OS X) AppleWebKit/605.1.15 (KHTML, like Gecko) Version/16.6 Mobile/15E148 Safari/604.1" {"metadata":{"emulator":{"name":"hosting"},"message":"::1 - - [28/Nov/2024:20:42:00 +0000] \"GET /favicon.ico HTTP/1.1\" 304 - \"http://localhost:5000/index\" \"Mozilla/5.0 (iPhone; CPU iPhone OS 16_6 like Mac OS X) AppleWebKit/605.1.15 (KHTML, like Gecko) Version/16.6 Mobile/15E148 Safari/604.1\""}}
[info] i  hosting: ::1 - - [28/Nov/2024:20:42:02 +0000] "GET /pages/sign-up HTTP/1.1" 304 - "http://localhost:5000/index" "Mozilla/5.0 (iPhone; CPU iPhone OS 16_6 like Mac OS X) AppleWebKit/605.1.15 (KHTML, like Gecko) Version/16.6 Mobile/15E148 Safari/604.1" {"metadata":{"emulator":{"name":"hosting"},"message":"::1 - - [28/Nov/2024:20:42:02 +0000] \"GET /pages/sign-up HTTP/1.1\" 304 - \"http://localhost:5000/index\" \"Mozilla/5.0 (iPhone; CPU iPhone OS 16_6 like Mac OS X) AppleWebKit/605.1.15 (KHTML, like Gecko) Version/16.6 Mobile/15E148 Safari/604.1\""}}
[info] i  hosting: ::1 - - [28/Nov/2024:20:42:02 +0000] "GET /pages/assets/bundles/bootstrap/css/bootstrap.min.css HTTP/1.1" 304 - "http://localhost:5000/pages/sign-up" "Mozilla/5.0 (iPhone; CPU iPhone OS 16_6 like Mac OS X) AppleWebKit/605.1.15 (KHTML, like Gecko) Version/16.6 Mobile/15E148 Safari/604.1" {"metadata":{"emulator":{"name":"hosting"},"message":"::1 - - [28/Nov/2024:20:42:02 +0000] \"GET /pages/assets/bundles/bootstrap/css/bootstrap.min.css HTTP/1.1\" 304 - \"http://localhost:5000/pages/sign-up\" \"Mozilla/5.0 (iPhone; CPU iPhone OS 16_6 like Mac OS X) AppleWebKit/605.1.15 (KHTML, like Gecko) Version/16.6 Mobile/15E148 Safari/604.1\""}}
[info] i  hosting: ::1 - - [28/Nov/2024:20:42:02 +0000] "GET /pages/assets/bundles/sweetalert/sweetalert2.min.css HTTP/1.1" 304 - "http://localhost:5000/pages/sign-up" "Mozilla/5.0 (iPhone; CPU iPhone OS 16_6 like Mac OS X) AppleWebKit/605.1.15 (KHTML, like Gecko) Version/16.6 Mobile/15E148 Safari/604.1" {"metadata":{"emulator":{"name":"hosting"},"message":"::1 - - [28/Nov/2024:20:42:02 +0000] \"GET /pages/assets/bundles/sweetalert/sweetalert2.min.css HTTP/1.1\" 304 - \"http://localhost:5000/pages/sign-up\" \"Mozilla/5.0 (iPhone; CPU iPhone OS 16_6 like Mac OS X) AppleWebKit/605.1.15 (KHTML, like Gecko) Version/16.6 Mobile/15E148 Safari/604.1\""}}
[info] i  hosting: ::1 - - [28/Nov/2024:20:42:02 +0000] "GET /pages/assets/bundles/jquery/jquery-3.7.1.min.js HTTP/1.1" 304 - "http://localhost:5000/pages/sign-up" "Mozilla/5.0 (iPhone; CPU iPhone OS 16_6 like Mac OS X) AppleWebKit/605.1.15 (KHTML, like Gecko) Version/16.6 Mobile/15E148 Safari/604.1" {"metadata":{"emulator":{"name":"hosting"},"message":"::1 - - [28/Nov/2024:20:42:02 +0000] \"GET /pages/assets/bundles/jquery/jquery-3.7.1.min.js HTTP/1.1\" 304 - \"http://localhost:5000/pages/sign-up\" \"Mozilla/5.0 (iPhone; CPU iPhone OS 16_6 like Mac OS X) AppleWebKit/605.1.15 (KHTML, like Gecko) Version/16.6 Mobile/15E148 Safari/604.1\""}}
[info] i  hosting: ::1 - - [28/Nov/2024:20:42:02 +0000] "GET /pages/assets/css/custom.css HTTP/1.1" 304 - "http://localhost:5000/pages/sign-up" "Mozilla/5.0 (iPhone; CPU iPhone OS 16_6 like Mac OS X) AppleWebKit/605.1.15 (KHTML, like Gecko) Version/16.6 Mobile/15E148 Safari/604.1" {"metadata":{"emulator":{"name":"hosting"},"message":"::1 - - [28/Nov/2024:20:42:02 +0000] \"GET /pages/assets/css/custom.css HTTP/1.1\" 304 - \"http://localhost:5000/pages/sign-up\" \"Mozilla/5.0 (iPhone; CPU iPhone OS 16_6 like Mac OS X) AppleWebKit/605.1.15 (KHTML, like Gecko) Version/16.6 Mobile/15E148 Safari/604.1\""}}
[info] i  hosting: ::1 - - [28/Nov/2024:20:42:02 +0000] "GET /pages/assets/css/style.bundle.css HTTP/1.1" 304 - "http://localhost:5000/pages/sign-up" "Mozilla/5.0 (iPhone; CPU iPhone OS 16_6 like Mac OS X) AppleWebKit/605.1.15 (KHTML, like Gecko) Version/16.6 Mobile/15E148 Safari/604.1" {"metadata":{"emulator":{"name":"hosting"},"message":"::1 - - [28/Nov/2024:20:42:02 +0000] \"GET /pages/assets/css/style.bundle.css HTTP/1.1\" 304 - \"http://localhost:5000/pages/sign-up\" \"Mozilla/5.0 (iPhone; CPU iPhone OS 16_6 like Mac OS X) AppleWebKit/605.1.15 (KHTML, like Gecko) Version/16.6 Mobile/15E148 Safari/604.1\""}}
[info] i  hosting: ::1 - - [28/Nov/2024:20:42:02 +0000] "GET /pages/assets/media/logos/logo.png HTTP/1.1" 304 - "http://localhost:5000/pages/sign-up" "Mozilla/5.0 (iPhone; CPU iPhone OS 16_6 like Mac OS X) AppleWebKit/605.1.15 (KHTML, like Gecko) Version/16.6 Mobile/15E148 Safari/604.1" {"metadata":{"emulator":{"name":"hosting"},"message":"::1 - - [28/Nov/2024:20:42:02 +0000] \"GET /pages/assets/media/logos/logo.png HTTP/1.1\" 304 - \"http://localhost:5000/pages/sign-up\" \"Mozilla/5.0 (iPhone; CPU iPhone OS 16_6 like Mac OS X) AppleWebKit/605.1.15 (KHTML, like Gecko) Version/16.6 Mobile/15E148 Safari/604.1\""}}
[info] i  hosting: ::1 - - [28/Nov/2024:20:42:02 +0000] "GET /pages/assets/bundles/bootstrap/js/bootstrap.min.js HTTP/1.1" 304 - "http://localhost:5000/pages/sign-up" "Mozilla/5.0 (iPhone; CPU iPhone OS 16_6 like Mac OS X) AppleWebKit/605.1.15 (KHTML, like Gecko) Version/16.6 Mobile/15E148 Safari/604.1" {"metadata":{"emulator":{"name":"hosting"},"message":"::1 - - [28/Nov/2024:20:42:02 +0000] \"GET /pages/assets/bundles/bootstrap/js/bootstrap.min.js HTTP/1.1\" 304 - \"http://localhost:5000/pages/sign-up\" \"Mozilla/5.0 (iPhone; CPU iPhone OS 16_6 like Mac OS X) AppleWebKit/605.1.15 (KHTML, like Gecko) Version/16.6 Mobile/15E148 Safari/604.1\""}}
[info] i  hosting: ::1 - - [28/Nov/2024:20:42:02 +0000] "GET /pages/assets/bundles/sweetalert/sweetalert2.all.min.js HTTP/1.1" 304 - "http://localhost:5000/pages/sign-up" "Mozilla/5.0 (iPhone; CPU iPhone OS 16_6 like Mac OS X) AppleWebKit/605.1.15 (KHTML, like Gecko) Version/16.6 Mobile/15E148 Safari/604.1" {"metadata":{"emulator":{"name":"hosting"},"message":"::1 - - [28/Nov/2024:20:42:02 +0000] \"GET /pages/assets/bundles/sweetalert/sweetalert2.all.min.js HTTP/1.1\" 304 - \"http://localhost:5000/pages/sign-up\" \"Mozilla/5.0 (iPhone; CPU iPhone OS 16_6 like Mac OS X) AppleWebKit/605.1.15 (KHTML, like Gecko) Version/16.6 Mobile/15E148 Safari/604.1\""}}
[info] i  hosting: ::1 - - [28/Nov/2024:20:42:02 +0000] "GET /pages/assets/js/utils.js HTTP/1.1" 304 - "http://localhost:5000/pages/sign-up" "Mozilla/5.0 (iPhone; CPU iPhone OS 16_6 like Mac OS X) AppleWebKit/605.1.15 (KHTML, like Gecko) Version/16.6 Mobile/15E148 Safari/604.1" {"metadata":{"emulator":{"name":"hosting"},"message":"::1 - - [28/Nov/2024:20:42:02 +0000] \"GET /pages/assets/js/utils.js HTTP/1.1\" 304 - \"http://localhost:5000/pages/sign-up\" \"Mozilla/5.0 (iPhone; CPU iPhone OS 16_6 like Mac OS X) AppleWebKit/605.1.15 (KHTML, like Gecko) Version/16.6 Mobile/15E148 Safari/604.1\""}}
[info] i  hosting: ::1 - - [28/Nov/2024:20:42:02 +0000] "GET /pages/assets/js/auth.js HTTP/1.1" 304 - "http://localhost:5000/pages/sign-up" "Mozilla/5.0 (iPhone; CPU iPhone OS 16_6 like Mac OS X) AppleWebKit/605.1.15 (KHTML, like Gecko) Version/16.6 Mobile/15E148 Safari/604.1" {"metadata":{"emulator":{"name":"hosting"},"message":"::1 - - [28/Nov/2024:20:42:02 +0000] \"GET /pages/assets/js/auth.js HTTP/1.1\" 304 - \"http://localhost:5000/pages/sign-up\" \"Mozilla/5.0 (iPhone; CPU iPhone OS 16_6 like Mac OS X) AppleWebKit/605.1.15 (KHTML, like Gecko) Version/16.6 Mobile/15E148 Safari/604.1\""}}
[info] i  hosting: ::1 - - [28/Nov/2024:20:42:02 +0000] "GET /pages/assets/media/illustrations/sketchy-1/17.png HTTP/1.1" 304 - "http://localhost:5000/pages/sign-up" "Mozilla/5.0 (iPhone; CPU iPhone OS 16_6 like Mac OS X) AppleWebKit/605.1.15 (KHTML, like Gecko) Version/16.6 Mobile/15E148 Safari/604.1" {"metadata":{"emulator":{"name":"hosting"},"message":"::1 - - [28/Nov/2024:20:42:02 +0000] \"GET /pages/assets/media/illustrations/sketchy-1/17.png HTTP/1.1\" 304 - \"http://localhost:5000/pages/sign-up\" \"Mozilla/5.0 (iPhone; CPU iPhone OS 16_6 like Mac OS X) AppleWebKit/605.1.15 (KHTML, like Gecko) Version/16.6 Mobile/15E148 Safari/604.1\""}}
[info] i  hosting: ::1 - - [28/Nov/2024:20:42:20 +0000] "GET /pages/sign-up.html HTTP/1.1" 200 - "-" "Mozilla/5.0 (iPhone; CPU iPhone OS 16_6 like Mac OS X) AppleWebKit/605.1.15 (KHTML, like Gecko) Version/16.6 Mobile/15E148 Safari/604.1" {"metadata":{"emulator":{"name":"hosting"},"message":"::1 - - [28/Nov/2024:20:42:20 +0000] \"GET /pages/sign-up.html HTTP/1.1\" 200 - \"-\" \"Mozilla/5.0 (iPhone; CPU iPhone OS 16_6 like Mac OS X) AppleWebKit/605.1.15 (KHTML, like Gecko) Version/16.6 Mobile/15E148 Safari/604.1\""}}
[info] i  hosting: ::1 - - [28/Nov/2024:20:55:28 +0000] "GET /pages/sign-up.html HTTP/1.1" 200 - "-" "Mozilla/5.0 (iPhone; CPU iPhone OS 16_6 like Mac OS X) AppleWebKit/605.1.15 (KHTML, like Gecko) Version/16.6 Mobile/15E148 Safari/604.1" {"metadata":{"emulator":{"name":"hosting"},"message":"::1 - - [28/Nov/2024:20:55:28 +0000] \"GET /pages/sign-up.html HTTP/1.1\" 200 - \"-\" \"Mozilla/5.0 (iPhone; CPU iPhone OS 16_6 like Mac OS X) AppleWebKit/605.1.15 (KHTML, like Gecko) Version/16.6 Mobile/15E148 Safari/604.1\""}}
[info] i  hosting: ::1 - - [28/Nov/2024:20:55:28 +0000] "GET /assets/bundles/sweetalert/sweetalert2.min.css HTTP/1.1" 200 - "http://localhost:5000/pages/sign-up.html" "Mozilla/5.0 (iPhone; CPU iPhone OS 16_6 like Mac OS X) AppleWebKit/605.1.15 (KHTML, like Gecko) Version/16.6 Mobile/15E148 Safari/604.1" {"metadata":{"emulator":{"name":"hosting"},"message":"::1 - - [28/Nov/2024:20:55:28 +0000] \"GET /assets/bundles/sweetalert/sweetalert2.min.css HTTP/1.1\" 200 - \"http://localhost:5000/pages/sign-up.html\" \"Mozilla/5.0 (iPhone; CPU iPhone OS 16_6 like Mac OS X) AppleWebKit/605.1.15 (KHTML, like Gecko) Version/16.6 Mobile/15E148 Safari/604.1\""}}
[info] i  hosting: ::1 - - [28/Nov/2024:20:55:28 +0000] "GET /assets/media/logos/logo.png HTTP/1.1" 200 18015 "http://localhost:5000/pages/sign-up.html" "Mozilla/5.0 (iPhone; CPU iPhone OS 16_6 like Mac OS X) AppleWebKit/605.1.15 (KHTML, like Gecko) Version/16.6 Mobile/15E148 Safari/604.1" {"metadata":{"emulator":{"name":"hosting"},"message":"::1 - - [28/Nov/2024:20:55:28 +0000] \"GET /assets/media/logos/logo.png HTTP/1.1\" 200 18015 \"http://localhost:5000/pages/sign-up.html\" \"Mozilla/5.0 (iPhone; CPU iPhone OS 16_6 like Mac OS X) AppleWebKit/605.1.15 (KHTML, like Gecko) Version/16.6 Mobile/15E148 Safari/604.1\""}}
[info] i  hosting: ::1 - - [28/Nov/2024:20:55:28 +0000] "GET /assets/css/custom.css HTTP/1.1" 200 - "http://localhost:5000/pages/sign-up.html" "Mozilla/5.0 (iPhone; CPU iPhone OS 16_6 like Mac OS X) AppleWebKit/605.1.15 (KHTML, like Gecko) Version/16.6 Mobile/15E148 Safari/604.1" {"metadata":{"emulator":{"name":"hosting"},"message":"::1 - - [28/Nov/2024:20:55:28 +0000] \"GET /assets/css/custom.css HTTP/1.1\" 200 - \"http://localhost:5000/pages/sign-up.html\" \"Mozilla/5.0 (iPhone; CPU iPhone OS 16_6 like Mac OS X) AppleWebKit/605.1.15 (KHTML, like Gecko) Version/16.6 Mobile/15E148 Safari/604.1\""}}
[info] i  hosting: ::1 - - [28/Nov/2024:20:55:28 +0000] "GET /assets/bundles/bootstrap/css/bootstrap.min.css HTTP/1.1" 200 - "http://localhost:5000/pages/sign-up.html" "Mozilla/5.0 (iPhone; CPU iPhone OS 16_6 like Mac OS X) AppleWebKit/605.1.15 (KHTML, like Gecko) Version/16.6 Mobile/15E148 Safari/604.1" {"metadata":{"emulator":{"name":"hosting"},"message":"::1 - - [28/Nov/2024:20:55:28 +0000] \"GET /assets/bundles/bootstrap/css/bootstrap.min.css HTTP/1.1\" 200 - \"http://localhost:5000/pages/sign-up.html\" \"Mozilla/5.0 (iPhone; CPU iPhone OS 16_6 like Mac OS X) AppleWebKit/605.1.15 (KHTML, like Gecko) Version/16.6 Mobile/15E148 Safari/604.1\""}}
[info] i  hosting: ::1 - - [28/Nov/2024:20:55:28 +0000] "GET /assets/bundles/bootstrap/js/bootstrap.min.js HTTP/1.1" 200 - "http://localhost:5000/pages/sign-up.html" "Mozilla/5.0 (iPhone; CPU iPhone OS 16_6 like Mac OS X) AppleWebKit/605.1.15 (KHTML, like Gecko) Version/16.6 Mobile/15E148 Safari/604.1" {"metadata":{"emulator":{"name":"hosting"},"message":"::1 - - [28/Nov/2024:20:55:28 +0000] \"GET /assets/bundles/bootstrap/js/bootstrap.min.js HTTP/1.1\" 200 - \"http://localhost:5000/pages/sign-up.html\" \"Mozilla/5.0 (iPhone; CPU iPhone OS 16_6 like Mac OS X) AppleWebKit/605.1.15 (KHTML, like Gecko) Version/16.6 Mobile/15E148 Safari/604.1\""}}
[info] i  hosting: ::1 - - [28/Nov/2024:20:55:28 +0000] "GET /assets/bundles/jquery/jquery-3.7.1.min.js HTTP/1.1" 200 - "http://localhost:5000/pages/sign-up.html" "Mozilla/5.0 (iPhone; CPU iPhone OS 16_6 like Mac OS X) AppleWebKit/605.1.15 (KHTML, like Gecko) Version/16.6 Mobile/15E148 Safari/604.1" {"metadata":{"emulator":{"name":"hosting"},"message":"::1 - - [28/Nov/2024:20:55:28 +0000] \"GET /assets/bundles/jquery/jquery-3.7.1.min.js HTTP/1.1\" 200 - \"http://localhost:5000/pages/sign-up.html\" \"Mozilla/5.0 (iPhone; CPU iPhone OS 16_6 like Mac OS X) AppleWebKit/605.1.15 (KHTML, like Gecko) Version/16.6 Mobile/15E148 Safari/604.1\""}}
[info] i  hosting: ::1 - - [28/Nov/2024:20:55:28 +0000] "GET /assets/js/utils.js HTTP/1.1" 200 - "http://localhost:5000/pages/sign-up.html" "Mozilla/5.0 (iPhone; CPU iPhone OS 16_6 like Mac OS X) AppleWebKit/605.1.15 (KHTML, like Gecko) Version/16.6 Mobile/15E148 Safari/604.1" {"metadata":{"emulator":{"name":"hosting"},"message":"::1 - - [28/Nov/2024:20:55:28 +0000] \"GET /assets/js/utils.js HTTP/1.1\" 200 - \"http://localhost:5000/pages/sign-up.html\" \"Mozilla/5.0 (iPhone; CPU iPhone OS 16_6 like Mac OS X) AppleWebKit/605.1.15 (KHTML, like Gecko) Version/16.6 Mobile/15E148 Safari/604.1\""}}
[info] i  hosting: ::1 - - [28/Nov/2024:20:55:28 +0000] "GET /assets/bundles/sweetalert/sweetalert2.all.min.js HTTP/1.1" 200 - "http://localhost:5000/pages/sign-up.html" "Mozilla/5.0 (iPhone; CPU iPhone OS 16_6 like Mac OS X) AppleWebKit/605.1.15 (KHTML, like Gecko) Version/16.6 Mobile/15E148 Safari/604.1" {"metadata":{"emulator":{"name":"hosting"},"message":"::1 - - [28/Nov/2024:20:55:28 +0000] \"GET /assets/bundles/sweetalert/sweetalert2.all.min.js HTTP/1.1\" 200 - \"http://localhost:5000/pages/sign-up.html\" \"Mozilla/5.0 (iPhone; CPU iPhone OS 16_6 like Mac OS X) AppleWebKit/605.1.15 (KHTML, like Gecko) Version/16.6 Mobile/15E148 Safari/604.1\""}}
[info] i  hosting: ::1 - - [28/Nov/2024:20:55:28 +0000] "GET /assets/js/auth.js HTTP/1.1" 200 - "http://localhost:5000/pages/sign-up.html" "Mozilla/5.0 (iPhone; CPU iPhone OS 16_6 like Mac OS X) AppleWebKit/605.1.15 (KHTML, like Gecko) Version/16.6 Mobile/15E148 Safari/604.1" {"metadata":{"emulator":{"name":"hosting"},"message":"::1 - - [28/Nov/2024:20:55:28 +0000] \"GET /assets/js/auth.js HTTP/1.1\" 200 - \"http://localhost:5000/pages/sign-up.html\" \"Mozilla/5.0 (iPhone; CPU iPhone OS 16_6 like Mac OS X) AppleWebKit/605.1.15 (KHTML, like Gecko) Version/16.6 Mobile/15E148 Safari/604.1\""}}
[info] i  hosting: ::1 - - [28/Nov/2024:20:55:28 +0000] "GET /assets/css/style.bundle.css HTTP/1.1" 200 - "http://localhost:5000/pages/sign-up.html" "Mozilla/5.0 (iPhone; CPU iPhone OS 16_6 like Mac OS X) AppleWebKit/605.1.15 (KHTML, like Gecko) Version/16.6 Mobile/15E148 Safari/604.1" {"metadata":{"emulator":{"name":"hosting"},"message":"::1 - - [28/Nov/2024:20:55:28 +0000] \"GET /assets/css/style.bundle.css HTTP/1.1\" 200 - \"http://localhost:5000/pages/sign-up.html\" \"Mozilla/5.0 (iPhone; CPU iPhone OS 16_6 like Mac OS X) AppleWebKit/605.1.15 (KHTML, like Gecko) Version/16.6 Mobile/15E148 Safari/604.1\""}}
[info] i  hosting: ::1 - - [28/Nov/2024:20:55:28 +0000] "GET /pages/assets/media/illustrations/sketchy-1/17.png HTTP/1.1" 200 - "http://localhost:5000/pages/sign-up.html" "Mozilla/5.0 (iPhone; CPU iPhone OS 16_6 like Mac OS X) AppleWebKit/605.1.15 (KHTML, like Gecko) Version/16.6 Mobile/15E148 Safari/604.1" {"metadata":{"emulator":{"name":"hosting"},"message":"::1 - - [28/Nov/2024:20:55:28 +0000] \"GET /pages/assets/media/illustrations/sketchy-1/17.png HTTP/1.1\" 200 - \"http://localhost:5000/pages/sign-up.html\" \"Mozilla/5.0 (iPhone; CPU iPhone OS 16_6 like Mac OS X) AppleWebKit/605.1.15 (KHTML, like Gecko) Version/16.6 Mobile/15E148 Safari/604.1\""}}
[info] i  hosting: ::1 - - [28/Nov/2024:20:55:29 +0000] "GET /favicon.ico HTTP/1.1" 200 - "http://localhost:5000/pages/sign-up.html" "Mozilla/5.0 (iPhone; CPU iPhone OS 16_6 like Mac OS X) AppleWebKit/605.1.15 (KHTML, like Gecko) Version/16.6 Mobile/15E148 Safari/604.1" {"metadata":{"emulator":{"name":"hosting"},"message":"::1 - - [28/Nov/2024:20:55:29 +0000] \"GET /favicon.ico HTTP/1.1\" 200 - \"http://localhost:5000/pages/sign-up.html\" \"Mozilla/5.0 (iPhone; CPU iPhone OS 16_6 like Mac OS X) AppleWebKit/605.1.15 (KHTML, like Gecko) Version/16.6 Mobile/15E148 Safari/604.1\""}}
[info] i  hosting: ::1 - - [28/Nov/2024:20:57:46 +0000] "GET /pages/sign-up.html HTTP/1.1" 200 - "-" "Mozilla/5.0 (Linux; Android) AppleWebKit/537.36 (KHTML, like Gecko) Chrome/88.0.4324.109 Safari/537.36 CrKey/1.54.248666" {"metadata":{"emulator":{"name":"hosting"},"message":"::1 - - [28/Nov/2024:20:57:46 +0000] \"GET /pages/sign-up.html HTTP/1.1\" 200 - \"-\" \"Mozilla/5.0 (Linux; Android) AppleWebKit/537.36 (KHTML, like Gecko) Chrome/88.0.4324.109 Safari/537.36 CrKey/1.54.248666\""}}
[info] i  hosting: ::1 - - [28/Nov/2024:20:57:46 +0000] "GET /assets/media/logos/logo.png HTTP/1.1" 200 18015 "http://localhost:5000/pages/sign-up.html" "Mozilla/5.0 (Linux; Android) AppleWebKit/537.36 (KHTML, like Gecko) Chrome/88.0.4324.109 Safari/537.36 CrKey/1.54.248666" {"metadata":{"emulator":{"name":"hosting"},"message":"::1 - - [28/Nov/2024:20:57:46 +0000] \"GET /assets/media/logos/logo.png HTTP/1.1\" 200 18015 \"http://localhost:5000/pages/sign-up.html\" \"Mozilla/5.0 (Linux; Android) AppleWebKit/537.36 (KHTML, like Gecko) Chrome/88.0.4324.109 Safari/537.36 CrKey/1.54.248666\""}}
[info] i  hosting: ::1 - - [28/Nov/2024:20:57:46 +0000] "GET /assets/bundles/sweetalert/sweetalert2.min.css HTTP/1.1" 200 - "http://localhost:5000/pages/sign-up.html" "Mozilla/5.0 (Linux; Android) AppleWebKit/537.36 (KHTML, like Gecko) Chrome/88.0.4324.109 Safari/537.36 CrKey/1.54.248666" {"metadata":{"emulator":{"name":"hosting"},"message":"::1 - - [28/Nov/2024:20:57:46 +0000] \"GET /assets/bundles/sweetalert/sweetalert2.min.css HTTP/1.1\" 200 - \"http://localhost:5000/pages/sign-up.html\" \"Mozilla/5.0 (Linux; Android) AppleWebKit/537.36 (KHTML, like Gecko) Chrome/88.0.4324.109 Safari/537.36 CrKey/1.54.248666\""}}
[info] i  hosting: ::1 - - [28/Nov/2024:20:57:46 +0000] "GET /assets/css/custom.css HTTP/1.1" 200 - "http://localhost:5000/pages/sign-up.html" "Mozilla/5.0 (Linux; Android) AppleWebKit/537.36 (KHTML, like Gecko) Chrome/88.0.4324.109 Safari/537.36 CrKey/1.54.248666" {"metadata":{"emulator":{"name":"hosting"},"message":"::1 - - [28/Nov/2024:20:57:46 +0000] \"GET /assets/css/custom.css HTTP/1.1\" 200 - \"http://localhost:5000/pages/sign-up.html\" \"Mozilla/5.0 (Linux; Android) AppleWebKit/537.36 (KHTML, like Gecko) Chrome/88.0.4324.109 Safari/537.36 CrKey/1.54.248666\""}}
[info] i  hosting: ::1 - - [28/Nov/2024:20:57:46 +0000] "GET /assets/bundles/bootstrap/css/bootstrap.min.css HTTP/1.1" 200 - "http://localhost:5000/pages/sign-up.html" "Mozilla/5.0 (Linux; Android) AppleWebKit/537.36 (KHTML, like Gecko) Chrome/88.0.4324.109 Safari/537.36 CrKey/1.54.248666" {"metadata":{"emulator":{"name":"hosting"},"message":"::1 - - [28/Nov/2024:20:57:46 +0000] \"GET /assets/bundles/bootstrap/css/bootstrap.min.css HTTP/1.1\" 200 - \"http://localhost:5000/pages/sign-up.html\" \"Mozilla/5.0 (Linux; Android) AppleWebKit/537.36 (KHTML, like Gecko) Chrome/88.0.4324.109 Safari/537.36 CrKey/1.54.248666\""}}
[info] i  hosting: ::1 - - [28/Nov/2024:20:57:46 +0000] "GET /assets/bundles/jquery/jquery-3.7.1.min.js HTTP/1.1" 200 - "http://localhost:5000/pages/sign-up.html" "Mozilla/5.0 (Linux; Android) AppleWebKit/537.36 (KHTML, like Gecko) Chrome/88.0.4324.109 Safari/537.36 CrKey/1.54.248666" {"metadata":{"emulator":{"name":"hosting"},"message":"::1 - - [28/Nov/2024:20:57:46 +0000] \"GET /assets/bundles/jquery/jquery-3.7.1.min.js HTTP/1.1\" 200 - \"http://localhost:5000/pages/sign-up.html\" \"Mozilla/5.0 (Linux; Android) AppleWebKit/537.36 (KHTML, like Gecko) Chrome/88.0.4324.109 Safari/537.36 CrKey/1.54.248666\""}}
[info] i  hosting: ::1 - - [28/Nov/2024:20:57:46 +0000] "GET /assets/bundles/bootstrap/js/bootstrap.min.js HTTP/1.1" 200 - "http://localhost:5000/pages/sign-up.html" "Mozilla/5.0 (Linux; Android) AppleWebKit/537.36 (KHTML, like Gecko) Chrome/88.0.4324.109 Safari/537.36 CrKey/1.54.248666" {"metadata":{"emulator":{"name":"hosting"},"message":"::1 - - [28/Nov/2024:20:57:46 +0000] \"GET /assets/bundles/bootstrap/js/bootstrap.min.js HTTP/1.1\" 200 - \"http://localhost:5000/pages/sign-up.html\" \"Mozilla/5.0 (Linux; Android) AppleWebKit/537.36 (KHTML, like Gecko) Chrome/88.0.4324.109 Safari/537.36 CrKey/1.54.248666\""}}
[info] i  hosting: ::1 - - [28/Nov/2024:20:57:46 +0000] "GET /assets/js/utils.js HTTP/1.1" 200 - "http://localhost:5000/pages/sign-up.html" "Mozilla/5.0 (Linux; Android) AppleWebKit/537.36 (KHTML, like Gecko) Chrome/88.0.4324.109 Safari/537.36 CrKey/1.54.248666" {"metadata":{"emulator":{"name":"hosting"},"message":"::1 - - [28/Nov/2024:20:57:46 +0000] \"GET /assets/js/utils.js HTTP/1.1\" 200 - \"http://localhost:5000/pages/sign-up.html\" \"Mozilla/5.0 (Linux; Android) AppleWebKit/537.36 (KHTML, like Gecko) Chrome/88.0.4324.109 Safari/537.36 CrKey/1.54.248666\""}}
[info] i  hosting: ::1 - - [28/Nov/2024:20:57:46 +0000] "GET /assets/bundles/sweetalert/sweetalert2.all.min.js HTTP/1.1" 200 - "http://localhost:5000/pages/sign-up.html" "Mozilla/5.0 (Linux; Android) AppleWebKit/537.36 (KHTML, like Gecko) Chrome/88.0.4324.109 Safari/537.36 CrKey/1.54.248666" {"metadata":{"emulator":{"name":"hosting"},"message":"::1 - - [28/Nov/2024:20:57:46 +0000] \"GET /assets/bundles/sweetalert/sweetalert2.all.min.js HTTP/1.1\" 200 - \"http://localhost:5000/pages/sign-up.html\" \"Mozilla/5.0 (Linux; Android) AppleWebKit/537.36 (KHTML, like Gecko) Chrome/88.0.4324.109 Safari/537.36 CrKey/1.54.248666\""}}
[info] i  hosting: ::1 - - [28/Nov/2024:20:57:46 +0000] "GET /assets/js/auth.js HTTP/1.1" 200 - "http://localhost:5000/pages/sign-up.html" "Mozilla/5.0 (Linux; Android) AppleWebKit/537.36 (KHTML, like Gecko) Chrome/88.0.4324.109 Safari/537.36 CrKey/1.54.248666" {"metadata":{"emulator":{"name":"hosting"},"message":"::1 - - [28/Nov/2024:20:57:46 +0000] \"GET /assets/js/auth.js HTTP/1.1\" 200 - \"http://localhost:5000/pages/sign-up.html\" \"Mozilla/5.0 (Linux; Android) AppleWebKit/537.36 (KHTML, like Gecko) Chrome/88.0.4324.109 Safari/537.36 CrKey/1.54.248666\""}}
[info] i  hosting: ::1 - - [28/Nov/2024:20:57:46 +0000] "GET /assets/css/style.bundle.css HTTP/1.1" 200 - "http://localhost:5000/pages/sign-up.html" "Mozilla/5.0 (Linux; Android) AppleWebKit/537.36 (KHTML, like Gecko) Chrome/88.0.4324.109 Safari/537.36 CrKey/1.54.248666" {"metadata":{"emulator":{"name":"hosting"},"message":"::1 - - [28/Nov/2024:20:57:46 +0000] \"GET /assets/css/style.bundle.css HTTP/1.1\" 200 - \"http://localhost:5000/pages/sign-up.html\" \"Mozilla/5.0 (Linux; Android) AppleWebKit/537.36 (KHTML, like Gecko) Chrome/88.0.4324.109 Safari/537.36 CrKey/1.54.248666\""}}
[info] i  hosting: ::1 - - [28/Nov/2024:20:57:46 +0000] "GET /pages/assets/media/illustrations/sketchy-1/17.png HTTP/1.1" 200 - "http://localhost:5000/pages/sign-up.html" "Mozilla/5.0 (Linux; Android) AppleWebKit/537.36 (KHTML, like Gecko) Chrome/88.0.4324.109 Safari/537.36 CrKey/1.54.248666" {"metadata":{"emulator":{"name":"hosting"},"message":"::1 - - [28/Nov/2024:20:57:46 +0000] \"GET /pages/assets/media/illustrations/sketchy-1/17.png HTTP/1.1\" 200 - \"http://localhost:5000/pages/sign-up.html\" \"Mozilla/5.0 (Linux; Android) AppleWebKit/537.36 (KHTML, like Gecko) Chrome/88.0.4324.109 Safari/537.36 CrKey/1.54.248666\""}}
[info] i  hosting: ::1 - - [28/Nov/2024:20:57:47 +0000] "GET /favicon.ico HTTP/1.1" 200 - "http://localhost:5000/pages/sign-up.html" "Mozilla/5.0 (Linux; Android) AppleWebKit/537.36 (KHTML, like Gecko) Chrome/88.0.4324.109 Safari/537.36 CrKey/1.54.248666" {"metadata":{"emulator":{"name":"hosting"},"message":"::1 - - [28/Nov/2024:20:57:47 +0000] \"GET /favicon.ico HTTP/1.1\" 200 - \"http://localhost:5000/pages/sign-up.html\" \"Mozilla/5.0 (Linux; Android) AppleWebKit/537.36 (KHTML, like Gecko) Chrome/88.0.4324.109 Safari/537.36 CrKey/1.54.248666\""}}
[info] i  hosting: ::1 - - [28/Nov/2024:20:59:12 +0000] "GET /index HTTP/1.1" 200 - "http://localhost:5000/pages/password-reset.html" "Mozilla/5.0 (Linux; Android 6.0; Nexus 5 Build/MRA58N) AppleWebKit/537.36 (KHTML, like Gecko) Chrome/131.0.0.0 Mobile Safari/537.36" {"metadata":{"emulator":{"name":"hosting"},"message":"::1 - - [28/Nov/2024:20:59:12 +0000] \"GET /index HTTP/1.1\" 200 - \"http://localhost:5000/pages/password-reset.html\" \"Mozilla/5.0 (Linux; Android 6.0; Nexus 5 Build/MRA58N) AppleWebKit/537.36 (KHTML, like Gecko) Chrome/131.0.0.0 Mobile Safari/537.36\""}}
[info] i  hosting: ::1 - - [28/Nov/2024:20:59:12 +0000] "GET /assets/media/logos/logo.png HTTP/1.1" 200 18015 "http://localhost:5000/index" "Mozilla/5.0 (Linux; Android 6.0; Nexus 5 Build/MRA58N) AppleWebKit/537.36 (KHTML, like Gecko) Chrome/131.0.0.0 Mobile Safari/537.36" {"metadata":{"emulator":{"name":"hosting"},"message":"::1 - - [28/Nov/2024:20:59:12 +0000] \"GET /assets/media/logos/logo.png HTTP/1.1\" 200 18015 \"http://localhost:5000/index\" \"Mozilla/5.0 (Linux; Android 6.0; Nexus 5 Build/MRA58N) AppleWebKit/537.36 (KHTML, like Gecko) Chrome/131.0.0.0 Mobile Safari/537.36\""}}
[info] i  hosting: ::1 - - [28/Nov/2024:20:59:12 +0000] "GET /assets/css/custom.css HTTP/1.1" 200 - "http://localhost:5000/index" "Mozilla/5.0 (Linux; Android 6.0; Nexus 5 Build/MRA58N) AppleWebKit/537.36 (KHTML, like Gecko) Chrome/131.0.0.0 Mobile Safari/537.36" {"metadata":{"emulator":{"name":"hosting"},"message":"::1 - - [28/Nov/2024:20:59:12 +0000] \"GET /assets/css/custom.css HTTP/1.1\" 200 - \"http://localhost:5000/index\" \"Mozilla/5.0 (Linux; Android 6.0; Nexus 5 Build/MRA58N) AppleWebKit/537.36 (KHTML, like Gecko) Chrome/131.0.0.0 Mobile Safari/537.36\""}}
[info] i  hosting: ::1 - - [28/Nov/2024:20:59:12 +0000] "GET /assets/bundles/sweetalert/sweetalert2.min.css HTTP/1.1" 200 - "http://localhost:5000/index" "Mozilla/5.0 (Linux; Android 6.0; Nexus 5 Build/MRA58N) AppleWebKit/537.36 (KHTML, like Gecko) Chrome/131.0.0.0 Mobile Safari/537.36" {"metadata":{"emulator":{"name":"hosting"},"message":"::1 - - [28/Nov/2024:20:59:12 +0000] \"GET /assets/bundles/sweetalert/sweetalert2.min.css HTTP/1.1\" 200 - \"http://localhost:5000/index\" \"Mozilla/5.0 (Linux; Android 6.0; Nexus 5 Build/MRA58N) AppleWebKit/537.36 (KHTML, like Gecko) Chrome/131.0.0.0 Mobile Safari/537.36\""}}
[info] i  hosting: ::1 - - [28/Nov/2024:20:59:12 +0000] "GET /assets/bundles/bootstrap/css/bootstrap.min.css HTTP/1.1" 200 - "http://localhost:5000/index" "Mozilla/5.0 (Linux; Android 6.0; Nexus 5 Build/MRA58N) AppleWebKit/537.36 (KHTML, like Gecko) Chrome/131.0.0.0 Mobile Safari/537.36" {"metadata":{"emulator":{"name":"hosting"},"message":"::1 - - [28/Nov/2024:20:59:12 +0000] \"GET /assets/bundles/bootstrap/css/bootstrap.min.css HTTP/1.1\" 200 - \"http://localhost:5000/index\" \"Mozilla/5.0 (Linux; Android 6.0; Nexus 5 Build/MRA58N) AppleWebKit/537.36 (KHTML, like Gecko) Chrome/131.0.0.0 Mobile Safari/537.36\""}}
[info] i  hosting: ::1 - - [28/Nov/2024:20:59:12 +0000] "GET /assets/bundles/bootstrap/js/bootstrap.min.js HTTP/1.1" 200 - "http://localhost:5000/index" "Mozilla/5.0 (Linux; Android 6.0; Nexus 5 Build/MRA58N) AppleWebKit/537.36 (KHTML, like Gecko) Chrome/131.0.0.0 Mobile Safari/537.36" {"metadata":{"emulator":{"name":"hosting"},"message":"::1 - - [28/Nov/2024:20:59:12 +0000] \"GET /assets/bundles/bootstrap/js/bootstrap.min.js HTTP/1.1\" 200 - \"http://localhost:5000/index\" \"Mozilla/5.0 (Linux; Android 6.0; Nexus 5 Build/MRA58N) AppleWebKit/537.36 (KHTML, like Gecko) Chrome/131.0.0.0 Mobile Safari/537.36\""}}
[info] i  hosting: ::1 - - [28/Nov/2024:20:59:12 +0000] "GET /assets/bundles/jquery/jquery-3.7.1.min.js HTTP/1.1" 200 - "http://localhost:5000/index" "Mozilla/5.0 (Linux; Android 6.0; Nexus 5 Build/MRA58N) AppleWebKit/537.36 (KHTML, like Gecko) Chrome/131.0.0.0 Mobile Safari/537.36" {"metadata":{"emulator":{"name":"hosting"},"message":"::1 - - [28/Nov/2024:20:59:12 +0000] \"GET /assets/bundles/jquery/jquery-3.7.1.min.js HTTP/1.1\" 200 - \"http://localhost:5000/index\" \"Mozilla/5.0 (Linux; Android 6.0; Nexus 5 Build/MRA58N) AppleWebKit/537.36 (KHTML, like Gecko) Chrome/131.0.0.0 Mobile Safari/537.36\""}}
[info] i  hosting: ::1 - - [28/Nov/2024:20:59:12 +0000] "GET /assets/js/utils.js HTTP/1.1" 200 - "http://localhost:5000/index" "Mozilla/5.0 (Linux; Android 6.0; Nexus 5 Build/MRA58N) AppleWebKit/537.36 (KHTML, like Gecko) Chrome/131.0.0.0 Mobile Safari/537.36" {"metadata":{"emulator":{"name":"hosting"},"message":"::1 - - [28/Nov/2024:20:59:12 +0000] \"GET /assets/js/utils.js HTTP/1.1\" 200 - \"http://localhost:5000/index\" \"Mozilla/5.0 (Linux; Android 6.0; Nexus 5 Build/MRA58N) AppleWebKit/537.36 (KHTML, like Gecko) Chrome/131.0.0.0 Mobile Safari/537.36\""}}
[info] i  hosting: ::1 - - [28/Nov/2024:20:59:12 +0000] "GET /assets/bundles/sweetalert/sweetalert2.all.min.js HTTP/1.1" 200 - "http://localhost:5000/index" "Mozilla/5.0 (Linux; Android 6.0; Nexus 5 Build/MRA58N) AppleWebKit/537.36 (KHTML, like Gecko) Chrome/131.0.0.0 Mobile Safari/537.36" {"metadata":{"emulator":{"name":"hosting"},"message":"::1 - - [28/Nov/2024:20:59:12 +0000] \"GET /assets/bundles/sweetalert/sweetalert2.all.min.js HTTP/1.1\" 200 - \"http://localhost:5000/index\" \"Mozilla/5.0 (Linux; Android 6.0; Nexus 5 Build/MRA58N) AppleWebKit/537.36 (KHTML, like Gecko) Chrome/131.0.0.0 Mobile Safari/537.36\""}}
[info] i  hosting: ::1 - - [28/Nov/2024:20:59:12 +0000] "GET /assets/js/auth.js HTTP/1.1" 200 - "http://localhost:5000/index" "Mozilla/5.0 (Linux; Android 6.0; Nexus 5 Build/MRA58N) AppleWebKit/537.36 (KHTML, like Gecko) Chrome/131.0.0.0 Mobile Safari/537.36" {"metadata":{"emulator":{"name":"hosting"},"message":"::1 - - [28/Nov/2024:20:59:12 +0000] \"GET /assets/js/auth.js HTTP/1.1\" 200 - \"http://localhost:5000/index\" \"Mozilla/5.0 (Linux; Android 6.0; Nexus 5 Build/MRA58N) AppleWebKit/537.36 (KHTML, like Gecko) Chrome/131.0.0.0 Mobile Safari/537.36\""}}
[info] i  hosting: ::1 - - [28/Nov/2024:20:59:12 +0000] "GET /assets/css/style.bundle.css HTTP/1.1" 200 - "http://localhost:5000/index" "Mozilla/5.0 (Linux; Android 6.0; Nexus 5 Build/MRA58N) AppleWebKit/537.36 (KHTML, like Gecko) Chrome/131.0.0.0 Mobile Safari/537.36" {"metadata":{"emulator":{"name":"hosting"},"message":"::1 - - [28/Nov/2024:20:59:12 +0000] \"GET /assets/css/style.bundle.css HTTP/1.1\" 200 - \"http://localhost:5000/index\" \"Mozilla/5.0 (Linux; Android 6.0; Nexus 5 Build/MRA58N) AppleWebKit/537.36 (KHTML, like Gecko) Chrome/131.0.0.0 Mobile Safari/537.36\""}}
[info] i  hosting: ::1 - - [28/Nov/2024:20:59:12 +0000] "GET /assets/media/illustrations/sketchy-1/17.png HTTP/1.1" 200 46359 "http://localhost:5000/index" "Mozilla/5.0 (Linux; Android 6.0; Nexus 5 Build/MRA58N) AppleWebKit/537.36 (KHTML, like Gecko) Chrome/131.0.0.0 Mobile Safari/537.36" {"metadata":{"emulator":{"name":"hosting"},"message":"::1 - - [28/Nov/2024:20:59:12 +0000] \"GET /assets/media/illustrations/sketchy-1/17.png HTTP/1.1\" 200 46359 \"http://localhost:5000/index\" \"Mozilla/5.0 (Linux; Android 6.0; Nexus 5 Build/MRA58N) AppleWebKit/537.36 (KHTML, like Gecko) Chrome/131.0.0.0 Mobile Safari/537.36\""}}
[info] i  hosting: ::1 - - [28/Nov/2024:20:59:12 +0000] "GET /favicon.ico HTTP/1.1" 200 - "http://localhost:5000/index" "Mozilla/5.0 (Linux; Android 6.0; Nexus 5 Build/MRA58N) AppleWebKit/537.36 (KHTML, like Gecko) Chrome/131.0.0.0 Mobile Safari/537.36" {"metadata":{"emulator":{"name":"hosting"},"message":"::1 - - [28/Nov/2024:20:59:12 +0000] \"GET /favicon.ico HTTP/1.1\" 200 - \"http://localhost:5000/index\" \"Mozilla/5.0 (Linux; Android 6.0; Nexus 5 Build/MRA58N) AppleWebKit/537.36 (KHTML, like Gecko) Chrome/131.0.0.0 Mobile Safari/537.36\""}}
[info] i  hosting: ::1 - - [28/Nov/2024:20:59:29 +0000] "GET /index HTTP/1.1" 200 - "http://localhost:5000/pages/password-reset.html" "Mozilla/5.0 (Linux; Android 11.0; Surface Duo) AppleWebKit/537.36 (KHTML, like Gecko) Chrome/131.0.0.0 Mobile Safari/537.36" {"metadata":{"emulator":{"name":"hosting"},"message":"::1 - - [28/Nov/2024:20:59:29 +0000] \"GET /index HTTP/1.1\" 200 - \"http://localhost:5000/pages/password-reset.html\" \"Mozilla/5.0 (Linux; Android 11.0; Surface Duo) AppleWebKit/537.36 (KHTML, like Gecko) Chrome/131.0.0.0 Mobile Safari/537.36\""}}
[info] i  hosting: ::1 - - [28/Nov/2024:20:59:29 +0000] "GET /assets/bundles/sweetalert/sweetalert2.min.css HTTP/1.1" 200 - "http://localhost:5000/index" "Mozilla/5.0 (Linux; Android 11.0; Surface Duo) AppleWebKit/537.36 (KHTML, like Gecko) Chrome/131.0.0.0 Mobile Safari/537.36" {"metadata":{"emulator":{"name":"hosting"},"message":"::1 - - [28/Nov/2024:20:59:29 +0000] \"GET /assets/bundles/sweetalert/sweetalert2.min.css HTTP/1.1\" 200 - \"http://localhost:5000/index\" \"Mozilla/5.0 (Linux; Android 11.0; Surface Duo) AppleWebKit/537.36 (KHTML, like Gecko) Chrome/131.0.0.0 Mobile Safari/537.36\""}}
[info] i  hosting: ::1 - - [28/Nov/2024:20:59:29 +0000] "GET /assets/media/logos/logo.png HTTP/1.1" 200 18015 "http://localhost:5000/index" "Mozilla/5.0 (Linux; Android 11.0; Surface Duo) AppleWebKit/537.36 (KHTML, like Gecko) Chrome/131.0.0.0 Mobile Safari/537.36" {"metadata":{"emulator":{"name":"hosting"},"message":"::1 - - [28/Nov/2024:20:59:29 +0000] \"GET /assets/media/logos/logo.png HTTP/1.1\" 200 18015 \"http://localhost:5000/index\" \"Mozilla/5.0 (Linux; Android 11.0; Surface Duo) AppleWebKit/537.36 (KHTML, like Gecko) Chrome/131.0.0.0 Mobile Safari/537.36\""}}
[info] i  hosting: ::1 - - [28/Nov/2024:20:59:29 +0000] "GET /assets/css/custom.css HTTP/1.1" 200 - "http://localhost:5000/index" "Mozilla/5.0 (Linux; Android 11.0; Surface Duo) AppleWebKit/537.36 (KHTML, like Gecko) Chrome/131.0.0.0 Mobile Safari/537.36" {"metadata":{"emulator":{"name":"hosting"},"message":"::1 - - [28/Nov/2024:20:59:29 +0000] \"GET /assets/css/custom.css HTTP/1.1\" 200 - \"http://localhost:5000/index\" \"Mozilla/5.0 (Linux; Android 11.0; Surface Duo) AppleWebKit/537.36 (KHTML, like Gecko) Chrome/131.0.0.0 Mobile Safari/537.36\""}}
[info] i  hosting: ::1 - - [28/Nov/2024:20:59:29 +0000] "GET /assets/bundles/bootstrap/css/bootstrap.min.css HTTP/1.1" 200 - "http://localhost:5000/index" "Mozilla/5.0 (Linux; Android 11.0; Surface Duo) AppleWebKit/537.36 (KHTML, like Gecko) Chrome/131.0.0.0 Mobile Safari/537.36" {"metadata":{"emulator":{"name":"hosting"},"message":"::1 - - [28/Nov/2024:20:59:29 +0000] \"GET /assets/bundles/bootstrap/css/bootstrap.min.css HTTP/1.1\" 200 - \"http://localhost:5000/index\" \"Mozilla/5.0 (Linux; Android 11.0; Surface Duo) AppleWebKit/537.36 (KHTML, like Gecko) Chrome/131.0.0.0 Mobile Safari/537.36\""}}
[info] i  hosting: ::1 - - [28/Nov/2024:20:59:29 +0000] "GET /assets/bundles/jquery/jquery-3.7.1.min.js HTTP/1.1" 200 - "http://localhost:5000/index" "Mozilla/5.0 (Linux; Android 11.0; Surface Duo) AppleWebKit/537.36 (KHTML, like Gecko) Chrome/131.0.0.0 Mobile Safari/537.36" {"metadata":{"emulator":{"name":"hosting"},"message":"::1 - - [28/Nov/2024:20:59:29 +0000] \"GET /assets/bundles/jquery/jquery-3.7.1.min.js HTTP/1.1\" 200 - \"http://localhost:5000/index\" \"Mozilla/5.0 (Linux; Android 11.0; Surface Duo) AppleWebKit/537.36 (KHTML, like Gecko) Chrome/131.0.0.0 Mobile Safari/537.36\""}}
[info] i  hosting: ::1 - - [28/Nov/2024:20:59:29 +0000] "GET /assets/bundles/bootstrap/js/bootstrap.min.js HTTP/1.1" 200 - "http://localhost:5000/index" "Mozilla/5.0 (Linux; Android 11.0; Surface Duo) AppleWebKit/537.36 (KHTML, like Gecko) Chrome/131.0.0.0 Mobile Safari/537.36" {"metadata":{"emulator":{"name":"hosting"},"message":"::1 - - [28/Nov/2024:20:59:29 +0000] \"GET /assets/bundles/bootstrap/js/bootstrap.min.js HTTP/1.1\" 200 - \"http://localhost:5000/index\" \"Mozilla/5.0 (Linux; Android 11.0; Surface Duo) AppleWebKit/537.36 (KHTML, like Gecko) Chrome/131.0.0.0 Mobile Safari/537.36\""}}
[info] i  hosting: ::1 - - [28/Nov/2024:20:59:29 +0000] "GET /assets/js/utils.js HTTP/1.1" 200 - "http://localhost:5000/index" "Mozilla/5.0 (Linux; Android 11.0; Surface Duo) AppleWebKit/537.36 (KHTML, like Gecko) Chrome/131.0.0.0 Mobile Safari/537.36" {"metadata":{"emulator":{"name":"hosting"},"message":"::1 - - [28/Nov/2024:20:59:29 +0000] \"GET /assets/js/utils.js HTTP/1.1\" 200 - \"http://localhost:5000/index\" \"Mozilla/5.0 (Linux; Android 11.0; Surface Duo) AppleWebKit/537.36 (KHTML, like Gecko) Chrome/131.0.0.0 Mobile Safari/537.36\""}}
[info] i  hosting: ::1 - - [28/Nov/2024:20:59:29 +0000] "GET /assets/bundles/sweetalert/sweetalert2.all.min.js HTTP/1.1" 200 - "http://localhost:5000/index" "Mozilla/5.0 (Linux; Android 11.0; Surface Duo) AppleWebKit/537.36 (KHTML, like Gecko) Chrome/131.0.0.0 Mobile Safari/537.36" {"metadata":{"emulator":{"name":"hosting"},"message":"::1 - - [28/Nov/2024:20:59:29 +0000] \"GET /assets/bundles/sweetalert/sweetalert2.all.min.js HTTP/1.1\" 200 - \"http://localhost:5000/index\" \"Mozilla/5.0 (Linux; Android 11.0; Surface Duo) AppleWebKit/537.36 (KHTML, like Gecko) Chrome/131.0.0.0 Mobile Safari/537.36\""}}
[info] i  hosting: ::1 - - [28/Nov/2024:20:59:29 +0000] "GET /assets/js/auth.js HTTP/1.1" 200 - "http://localhost:5000/index" "Mozilla/5.0 (Linux; Android 11.0; Surface Duo) AppleWebKit/537.36 (KHTML, like Gecko) Chrome/131.0.0.0 Mobile Safari/537.36" {"metadata":{"emulator":{"name":"hosting"},"message":"::1 - - [28/Nov/2024:20:59:29 +0000] \"GET /assets/js/auth.js HTTP/1.1\" 200 - \"http://localhost:5000/index\" \"Mozilla/5.0 (Linux; Android 11.0; Surface Duo) AppleWebKit/537.36 (KHTML, like Gecko) Chrome/131.0.0.0 Mobile Safari/537.36\""}}
[info] i  hosting: ::1 - - [28/Nov/2024:20:59:29 +0000] "GET /assets/css/style.bundle.css HTTP/1.1" 200 - "http://localhost:5000/index" "Mozilla/5.0 (Linux; Android 11.0; Surface Duo) AppleWebKit/537.36 (KHTML, like Gecko) Chrome/131.0.0.0 Mobile Safari/537.36" {"metadata":{"emulator":{"name":"hosting"},"message":"::1 - - [28/Nov/2024:20:59:29 +0000] \"GET /assets/css/style.bundle.css HTTP/1.1\" 200 - \"http://localhost:5000/index\" \"Mozilla/5.0 (Linux; Android 11.0; Surface Duo) AppleWebKit/537.36 (KHTML, like Gecko) Chrome/131.0.0.0 Mobile Safari/537.36\""}}
[info] i  hosting: ::1 - - [28/Nov/2024:20:59:30 +0000] "GET /favicon.ico HTTP/1.1" 200 - "http://localhost:5000/index" "Mozilla/5.0 (Linux; Android 11.0; Surface Duo) AppleWebKit/537.36 (KHTML, like Gecko) Chrome/131.0.0.0 Mobile Safari/537.36" {"metadata":{"emulator":{"name":"hosting"},"message":"::1 - - [28/Nov/2024:20:59:30 +0000] \"GET /favicon.ico HTTP/1.1\" 200 - \"http://localhost:5000/index\" \"Mozilla/5.0 (Linux; Android 11.0; Surface Duo) AppleWebKit/537.36 (KHTML, like Gecko) Chrome/131.0.0.0 Mobile Safari/537.36\""}}
[info] i  hosting: ::1 - - [28/Nov/2024:20:59:38 +0000] "GET /pages/sign-up.html HTTP/1.1" 200 - "http://localhost:5000/index" "Mozilla/5.0 (Linux; Android 11.0; Surface Duo) AppleWebKit/537.36 (KHTML, like Gecko) Chrome/131.0.0.0 Mobile Safari/537.36" {"metadata":{"emulator":{"name":"hosting"},"message":"::1 - - [28/Nov/2024:20:59:38 +0000] \"GET /pages/sign-up.html HTTP/1.1\" 200 - \"http://localhost:5000/index\" \"Mozilla/5.0 (Linux; Android 11.0; Surface Duo) AppleWebKit/537.36 (KHTML, like Gecko) Chrome/131.0.0.0 Mobile Safari/537.36\""}}
[info] i  hosting: ::1 - - [28/Nov/2024:20:59:38 +0000] "GET /pages/assets/media/illustrations/sketchy-1/17.png HTTP/1.1" 200 - "http://localhost:5000/pages/sign-up.html" "Mozilla/5.0 (Linux; Android 11.0; Surface Duo) AppleWebKit/537.36 (KHTML, like Gecko) Chrome/131.0.0.0 Mobile Safari/537.36" {"metadata":{"emulator":{"name":"hosting"},"message":"::1 - - [28/Nov/2024:20:59:38 +0000] \"GET /pages/assets/media/illustrations/sketchy-1/17.png HTTP/1.1\" 200 - \"http://localhost:5000/pages/sign-up.html\" \"Mozilla/5.0 (Linux; Android 11.0; Surface Duo) AppleWebKit/537.36 (KHTML, like Gecko) Chrome/131.0.0.0 Mobile Safari/537.36\""}}
[info] i  hosting: ::1 - - [28/Nov/2024:20:59:38 +0000] "GET /favicon.ico HTTP/1.1" 304 - "http://localhost:5000/pages/sign-up.html" "Mozilla/5.0 (Linux; Android 11.0; Surface Duo) AppleWebKit/537.36 (KHTML, like Gecko) Chrome/131.0.0.0 Mobile Safari/537.36" {"metadata":{"emulator":{"name":"hosting"},"message":"::1 - - [28/Nov/2024:20:59:38 +0000] \"GET /favicon.ico HTTP/1.1\" 304 - \"http://localhost:5000/pages/sign-up.html\" \"Mozilla/5.0 (Linux; Android 11.0; Surface Duo) AppleWebKit/537.36 (KHTML, like Gecko) Chrome/131.0.0.0 Mobile Safari/537.36\""}}
[info] i  hosting: ::1 - - [28/Nov/2024:20:59:49 +0000] "GET /pages/sign-up.html HTTP/1.1" 200 - "http://localhost:5000/index" "Mozilla/5.0 (Linux; Android 11.0; Surface Duo) AppleWebKit/537.36 (KHTML, like Gecko) Chrome/131.0.0.0 Mobile Safari/537.36" {"metadata":{"emulator":{"name":"hosting"},"message":"::1 - - [28/Nov/2024:20:59:49 +0000] \"GET /pages/sign-up.html HTTP/1.1\" 200 - \"http://localhost:5000/index\" \"Mozilla/5.0 (Linux; Android 11.0; Surface Duo) AppleWebKit/537.36 (KHTML, like Gecko) Chrome/131.0.0.0 Mobile Safari/537.36\""}}
[info] i  hosting: ::1 - - [28/Nov/2024:20:59:49 +0000] "GET /assets/bundles/sweetalert/sweetalert2.min.css HTTP/1.1" 200 - "http://localhost:5000/pages/sign-up.html" "Mozilla/5.0 (Linux; Android 11.0; Surface Duo) AppleWebKit/537.36 (KHTML, like Gecko) Chrome/131.0.0.0 Mobile Safari/537.36" {"metadata":{"emulator":{"name":"hosting"},"message":"::1 - - [28/Nov/2024:20:59:49 +0000] \"GET /assets/bundles/sweetalert/sweetalert2.min.css HTTP/1.1\" 200 - \"http://localhost:5000/pages/sign-up.html\" \"Mozilla/5.0 (Linux; Android 11.0; Surface Duo) AppleWebKit/537.36 (KHTML, like Gecko) Chrome/131.0.0.0 Mobile Safari/537.36\""}}
[info] i  hosting: ::1 - - [28/Nov/2024:20:59:49 +0000] "GET /assets/css/custom.css HTTP/1.1" 200 - "http://localhost:5000/pages/sign-up.html" "Mozilla/5.0 (Linux; Android 11.0; Surface Duo) AppleWebKit/537.36 (KHTML, like Gecko) Chrome/131.0.0.0 Mobile Safari/537.36" {"metadata":{"emulator":{"name":"hosting"},"message":"::1 - - [28/Nov/2024:20:59:49 +0000] \"GET /assets/css/custom.css HTTP/1.1\" 200 - \"http://localhost:5000/pages/sign-up.html\" \"Mozilla/5.0 (Linux; Android 11.0; Surface Duo) AppleWebKit/537.36 (KHTML, like Gecko) Chrome/131.0.0.0 Mobile Safari/537.36\""}}
[info] i  hosting: ::1 - - [28/Nov/2024:20:59:49 +0000] "GET /assets/media/logos/logo.png HTTP/1.1" 200 18015 "http://localhost:5000/pages/sign-up.html" "Mozilla/5.0 (Linux; Android 11.0; Surface Duo) AppleWebKit/537.36 (KHTML, like Gecko) Chrome/131.0.0.0 Mobile Safari/537.36" {"metadata":{"emulator":{"name":"hosting"},"message":"::1 - - [28/Nov/2024:20:59:49 +0000] \"GET /assets/media/logos/logo.png HTTP/1.1\" 200 18015 \"http://localhost:5000/pages/sign-up.html\" \"Mozilla/5.0 (Linux; Android 11.0; Surface Duo) AppleWebKit/537.36 (KHTML, like Gecko) Chrome/131.0.0.0 Mobile Safari/537.36\""}}
[info] i  hosting: ::1 - - [28/Nov/2024:20:59:49 +0000] "GET /assets/bundles/bootstrap/css/bootstrap.min.css HTTP/1.1" 200 - "http://localhost:5000/pages/sign-up.html" "Mozilla/5.0 (Linux; Android 11.0; Surface Duo) AppleWebKit/537.36 (KHTML, like Gecko) Chrome/131.0.0.0 Mobile Safari/537.36" {"metadata":{"emulator":{"name":"hosting"},"message":"::1 - - [28/Nov/2024:20:59:49 +0000] \"GET /assets/bundles/bootstrap/css/bootstrap.min.css HTTP/1.1\" 200 - \"http://localhost:5000/pages/sign-up.html\" \"Mozilla/5.0 (Linux; Android 11.0; Surface Duo) AppleWebKit/537.36 (KHTML, like Gecko) Chrome/131.0.0.0 Mobile Safari/537.36\""}}
[info] i  hosting: ::1 - - [28/Nov/2024:20:59:49 +0000] "GET /assets/bundles/jquery/jquery-3.7.1.min.js HTTP/1.1" 200 - "http://localhost:5000/pages/sign-up.html" "Mozilla/5.0 (Linux; Android 11.0; Surface Duo) AppleWebKit/537.36 (KHTML, like Gecko) Chrome/131.0.0.0 Mobile Safari/537.36" {"metadata":{"emulator":{"name":"hosting"},"message":"::1 - - [28/Nov/2024:20:59:49 +0000] \"GET /assets/bundles/jquery/jquery-3.7.1.min.js HTTP/1.1\" 200 - \"http://localhost:5000/pages/sign-up.html\" \"Mozilla/5.0 (Linux; Android 11.0; Surface Duo) AppleWebKit/537.36 (KHTML, like Gecko) Chrome/131.0.0.0 Mobile Safari/537.36\""}}
[info] i  hosting: ::1 - - [28/Nov/2024:20:59:49 +0000] "GET /assets/bundles/bootstrap/js/bootstrap.min.js HTTP/1.1" 200 - "http://localhost:5000/pages/sign-up.html" "Mozilla/5.0 (Linux; Android 11.0; Surface Duo) AppleWebKit/537.36 (KHTML, like Gecko) Chrome/131.0.0.0 Mobile Safari/537.36" {"metadata":{"emulator":{"name":"hosting"},"message":"::1 - - [28/Nov/2024:20:59:49 +0000] \"GET /assets/bundles/bootstrap/js/bootstrap.min.js HTTP/1.1\" 200 - \"http://localhost:5000/pages/sign-up.html\" \"Mozilla/5.0 (Linux; Android 11.0; Surface Duo) AppleWebKit/537.36 (KHTML, like Gecko) Chrome/131.0.0.0 Mobile Safari/537.36\""}}
[info] i  hosting: ::1 - - [28/Nov/2024:20:59:49 +0000] "GET /assets/js/utils.js HTTP/1.1" 200 - "http://localhost:5000/pages/sign-up.html" "Mozilla/5.0 (Linux; Android 11.0; Surface Duo) AppleWebKit/537.36 (KHTML, like Gecko) Chrome/131.0.0.0 Mobile Safari/537.36" {"metadata":{"emulator":{"name":"hosting"},"message":"::1 - - [28/Nov/2024:20:59:49 +0000] \"GET /assets/js/utils.js HTTP/1.1\" 200 - \"http://localhost:5000/pages/sign-up.html\" \"Mozilla/5.0 (Linux; Android 11.0; Surface Duo) AppleWebKit/537.36 (KHTML, like Gecko) Chrome/131.0.0.0 Mobile Safari/537.36\""}}
[info] i  hosting: ::1 - - [28/Nov/2024:20:59:49 +0000] "GET /assets/js/auth.js HTTP/1.1" 200 - "http://localhost:5000/pages/sign-up.html" "Mozilla/5.0 (Linux; Android 11.0; Surface Duo) AppleWebKit/537.36 (KHTML, like Gecko) Chrome/131.0.0.0 Mobile Safari/537.36" {"metadata":{"emulator":{"name":"hosting"},"message":"::1 - - [28/Nov/2024:20:59:49 +0000] \"GET /assets/js/auth.js HTTP/1.1\" 200 - \"http://localhost:5000/pages/sign-up.html\" \"Mozilla/5.0 (Linux; Android 11.0; Surface Duo) AppleWebKit/537.36 (KHTML, like Gecko) Chrome/131.0.0.0 Mobile Safari/537.36\""}}
[info] i  hosting: ::1 - - [28/Nov/2024:20:59:49 +0000] "GET /assets/bundles/sweetalert/sweetalert2.all.min.js HTTP/1.1" 200 - "http://localhost:5000/pages/sign-up.html" "Mozilla/5.0 (Linux; Android 11.0; Surface Duo) AppleWebKit/537.36 (KHTML, like Gecko) Chrome/131.0.0.0 Mobile Safari/537.36" {"metadata":{"emulator":{"name":"hosting"},"message":"::1 - - [28/Nov/2024:20:59:49 +0000] \"GET /assets/bundles/sweetalert/sweetalert2.all.min.js HTTP/1.1\" 200 - \"http://localhost:5000/pages/sign-up.html\" \"Mozilla/5.0 (Linux; Android 11.0; Surface Duo) AppleWebKit/537.36 (KHTML, like Gecko) Chrome/131.0.0.0 Mobile Safari/537.36\""}}
[info] i  hosting: ::1 - - [28/Nov/2024:20:59:49 +0000] "GET /assets/css/style.bundle.css HTTP/1.1" 200 - "http://localhost:5000/pages/sign-up.html" "Mozilla/5.0 (Linux; Android 11.0; Surface Duo) AppleWebKit/537.36 (KHTML, like Gecko) Chrome/131.0.0.0 Mobile Safari/537.36" {"metadata":{"emulator":{"name":"hosting"},"message":"::1 - - [28/Nov/2024:20:59:49 +0000] \"GET /assets/css/style.bundle.css HTTP/1.1\" 200 - \"http://localhost:5000/pages/sign-up.html\" \"Mozilla/5.0 (Linux; Android 11.0; Surface Duo) AppleWebKit/537.36 (KHTML, like Gecko) Chrome/131.0.0.0 Mobile Safari/537.36\""}}
[info] i  hosting: ::1 - - [28/Nov/2024:20:59:50 +0000] "GET /favicon.ico HTTP/1.1" 200 - "http://localhost:5000/pages/sign-up.html" "Mozilla/5.0 (Linux; Android 11.0; Surface Duo) AppleWebKit/537.36 (KHTML, like Gecko) Chrome/131.0.0.0 Mobile Safari/537.36" {"metadata":{"emulator":{"name":"hosting"},"message":"::1 - - [28/Nov/2024:20:59:50 +0000] \"GET /favicon.ico HTTP/1.1\" 200 - \"http://localhost:5000/pages/sign-up.html\" \"Mozilla/5.0 (Linux; Android 11.0; Surface Duo) AppleWebKit/537.36 (KHTML, like Gecko) Chrome/131.0.0.0 Mobile Safari/537.36\""}}
[info] i  hosting: ::1 - - [28/Nov/2024:21:00:13 +0000] "GET /pages/sign-up.html HTTP/1.1" 200 - "http://localhost:5000/index" "Mozilla/5.0 (Linux; Android 11.0; Surface Duo) AppleWebKit/537.36 (KHTML, like Gecko) Chrome/131.0.0.0 Mobile Safari/537.36" {"metadata":{"emulator":{"name":"hosting"},"message":"::1 - - [28/Nov/2024:21:00:13 +0000] \"GET /pages/sign-up.html HTTP/1.1\" 200 - \"http://localhost:5000/index\" \"Mozilla/5.0 (Linux; Android 11.0; Surface Duo) AppleWebKit/537.36 (KHTML, like Gecko) Chrome/131.0.0.0 Mobile Safari/537.36\""}}
[info] i  hosting: ::1 - - [28/Nov/2024:21:00:13 +0000] "GET /assets/bundles/sweetalert/sweetalert2.min.css HTTP/1.1" 200 - "http://localhost:5000/pages/sign-up.html" "Mozilla/5.0 (Linux; Android 11.0; Surface Duo) AppleWebKit/537.36 (KHTML, like Gecko) Chrome/131.0.0.0 Mobile Safari/537.36" {"metadata":{"emulator":{"name":"hosting"},"message":"::1 - - [28/Nov/2024:21:00:13 +0000] \"GET /assets/bundles/sweetalert/sweetalert2.min.css HTTP/1.1\" 200 - \"http://localhost:5000/pages/sign-up.html\" \"Mozilla/5.0 (Linux; Android 11.0; Surface Duo) AppleWebKit/537.36 (KHTML, like Gecko) Chrome/131.0.0.0 Mobile Safari/537.36\""}}
[info] i  hosting: ::1 - - [28/Nov/2024:21:00:13 +0000] "GET /assets/css/custom.css HTTP/1.1" 200 - "http://localhost:5000/pages/sign-up.html" "Mozilla/5.0 (Linux; Android 11.0; Surface Duo) AppleWebKit/537.36 (KHTML, like Gecko) Chrome/131.0.0.0 Mobile Safari/537.36" {"metadata":{"emulator":{"name":"hosting"},"message":"::1 - - [28/Nov/2024:21:00:13 +0000] \"GET /assets/css/custom.css HTTP/1.1\" 200 - \"http://localhost:5000/pages/sign-up.html\" \"Mozilla/5.0 (Linux; Android 11.0; Surface Duo) AppleWebKit/537.36 (KHTML, like Gecko) Chrome/131.0.0.0 Mobile Safari/537.36\""}}
[info] i  hosting: ::1 - - [28/Nov/2024:21:00:13 +0000] "GET /assets/media/logos/logo.png HTTP/1.1" 200 18015 "http://localhost:5000/pages/sign-up.html" "Mozilla/5.0 (Linux; Android 11.0; Surface Duo) AppleWebKit/537.36 (KHTML, like Gecko) Chrome/131.0.0.0 Mobile Safari/537.36" {"metadata":{"emulator":{"name":"hosting"},"message":"::1 - - [28/Nov/2024:21:00:13 +0000] \"GET /assets/media/logos/logo.png HTTP/1.1\" 200 18015 \"http://localhost:5000/pages/sign-up.html\" \"Mozilla/5.0 (Linux; Android 11.0; Surface Duo) AppleWebKit/537.36 (KHTML, like Gecko) Chrome/131.0.0.0 Mobile Safari/537.36\""}}
[info] i  hosting: ::1 - - [28/Nov/2024:21:00:13 +0000] "GET /assets/bundles/jquery/jquery-3.7.1.min.js HTTP/1.1" 200 - "http://localhost:5000/pages/sign-up.html" "Mozilla/5.0 (Linux; Android 11.0; Surface Duo) AppleWebKit/537.36 (KHTML, like Gecko) Chrome/131.0.0.0 Mobile Safari/537.36" {"metadata":{"emulator":{"name":"hosting"},"message":"::1 - - [28/Nov/2024:21:00:13 +0000] \"GET /assets/bundles/jquery/jquery-3.7.1.min.js HTTP/1.1\" 200 - \"http://localhost:5000/pages/sign-up.html\" \"Mozilla/5.0 (Linux; Android 11.0; Surface Duo) AppleWebKit/537.36 (KHTML, like Gecko) Chrome/131.0.0.0 Mobile Safari/537.36\""}}
[info] i  hosting: ::1 - - [28/Nov/2024:21:00:13 +0000] "GET /assets/bundles/bootstrap/css/bootstrap.min.css HTTP/1.1" 200 - "http://localhost:5000/pages/sign-up.html" "Mozilla/5.0 (Linux; Android 11.0; Surface Duo) AppleWebKit/537.36 (KHTML, like Gecko) Chrome/131.0.0.0 Mobile Safari/537.36" {"metadata":{"emulator":{"name":"hosting"},"message":"::1 - - [28/Nov/2024:21:00:13 +0000] \"GET /assets/bundles/bootstrap/css/bootstrap.min.css HTTP/1.1\" 200 - \"http://localhost:5000/pages/sign-up.html\" \"Mozilla/5.0 (Linux; Android 11.0; Surface Duo) AppleWebKit/537.36 (KHTML, like Gecko) Chrome/131.0.0.0 Mobile Safari/537.36\""}}
[info] i  hosting: ::1 - - [28/Nov/2024:21:00:13 +0000] "GET /assets/bundles/bootstrap/js/bootstrap.min.js HTTP/1.1" 200 - "http://localhost:5000/pages/sign-up.html" "Mozilla/5.0 (Linux; Android 11.0; Surface Duo) AppleWebKit/537.36 (KHTML, like Gecko) Chrome/131.0.0.0 Mobile Safari/537.36" {"metadata":{"emulator":{"name":"hosting"},"message":"::1 - - [28/Nov/2024:21:00:13 +0000] \"GET /assets/bundles/bootstrap/js/bootstrap.min.js HTTP/1.1\" 200 - \"http://localhost:5000/pages/sign-up.html\" \"Mozilla/5.0 (Linux; Android 11.0; Surface Duo) AppleWebKit/537.36 (KHTML, like Gecko) Chrome/131.0.0.0 Mobile Safari/537.36\""}}
[info] i  hosting: ::1 - - [28/Nov/2024:21:00:13 +0000] "GET /assets/bundles/sweetalert/sweetalert2.all.min.js HTTP/1.1" 200 - "http://localhost:5000/pages/sign-up.html" "Mozilla/5.0 (Linux; Android 11.0; Surface Duo) AppleWebKit/537.36 (KHTML, like Gecko) Chrome/131.0.0.0 Mobile Safari/537.36" {"metadata":{"emulator":{"name":"hosting"},"message":"::1 - - [28/Nov/2024:21:00:13 +0000] \"GET /assets/bundles/sweetalert/sweetalert2.all.min.js HTTP/1.1\" 200 - \"http://localhost:5000/pages/sign-up.html\" \"Mozilla/5.0 (Linux; Android 11.0; Surface Duo) AppleWebKit/537.36 (KHTML, like Gecko) Chrome/131.0.0.0 Mobile Safari/537.36\""}}
[info] i  hosting: ::1 - - [28/Nov/2024:21:00:13 +0000] "GET /assets/css/style.bundle.css HTTP/1.1" 200 - "http://localhost:5000/pages/sign-up.html" "Mozilla/5.0 (Linux; Android 11.0; Surface Duo) AppleWebKit/537.36 (KHTML, like Gecko) Chrome/131.0.0.0 Mobile Safari/537.36" {"metadata":{"emulator":{"name":"hosting"},"message":"::1 - - [28/Nov/2024:21:00:13 +0000] \"GET /assets/css/style.bundle.css HTTP/1.1\" 200 - \"http://localhost:5000/pages/sign-up.html\" \"Mozilla/5.0 (Linux; Android 11.0; Surface Duo) AppleWebKit/537.36 (KHTML, like Gecko) Chrome/131.0.0.0 Mobile Safari/537.36\""}}
[info] i  hosting: ::1 - - [28/Nov/2024:21:00:13 +0000] "GET /assets/js/utils.js HTTP/1.1" 200 - "http://localhost:5000/pages/sign-up.html" "Mozilla/5.0 (Linux; Android 11.0; Surface Duo) AppleWebKit/537.36 (KHTML, like Gecko) Chrome/131.0.0.0 Mobile Safari/537.36" {"metadata":{"emulator":{"name":"hosting"},"message":"::1 - - [28/Nov/2024:21:00:13 +0000] \"GET /assets/js/utils.js HTTP/1.1\" 200 - \"http://localhost:5000/pages/sign-up.html\" \"Mozilla/5.0 (Linux; Android 11.0; Surface Duo) AppleWebKit/537.36 (KHTML, like Gecko) Chrome/131.0.0.0 Mobile Safari/537.36\""}}
[info] i  hosting: ::1 - - [28/Nov/2024:21:00:13 +0000] "GET /assets/js/auth.js HTTP/1.1" 200 - "http://localhost:5000/pages/sign-up.html" "Mozilla/5.0 (Linux; Android 11.0; Surface Duo) AppleWebKit/537.36 (KHTML, like Gecko) Chrome/131.0.0.0 Mobile Safari/537.36" {"metadata":{"emulator":{"name":"hosting"},"message":"::1 - - [28/Nov/2024:21:00:13 +0000] \"GET /assets/js/auth.js HTTP/1.1\" 200 - \"http://localhost:5000/pages/sign-up.html\" \"Mozilla/5.0 (Linux; Android 11.0; Surface Duo) AppleWebKit/537.36 (KHTML, like Gecko) Chrome/131.0.0.0 Mobile Safari/537.36\""}}
[info] i  hosting: ::1 - - [28/Nov/2024:21:00:13 +0000] "GET /favicon.ico HTTP/1.1" 200 - "http://localhost:5000/pages/sign-up.html" "Mozilla/5.0 (Linux; Android 11.0; Surface Duo) AppleWebKit/537.36 (KHTML, like Gecko) Chrome/131.0.0.0 Mobile Safari/537.36" {"metadata":{"emulator":{"name":"hosting"},"message":"::1 - - [28/Nov/2024:21:00:13 +0000] \"GET /favicon.ico HTTP/1.1\" 200 - \"http://localhost:5000/pages/sign-up.html\" \"Mozilla/5.0 (Linux; Android 11.0; Surface Duo) AppleWebKit/537.36 (KHTML, like Gecko) Chrome/131.0.0.0 Mobile Safari/537.36\""}}
[info] i  hosting: ::1 - - [28/Nov/2024:21:00:33 +0000] "GET /favicon.ico HTTP/1.1" 304 - "http://localhost:5000/index" "Mozilla/5.0 (Linux; Android 11.0; Surface Duo) AppleWebKit/537.36 (KHTML, like Gecko) Chrome/131.0.0.0 Mobile Safari/537.36" {"metadata":{"emulator":{"name":"hosting"},"message":"::1 - - [28/Nov/2024:21:00:33 +0000] \"GET /favicon.ico HTTP/1.1\" 304 - \"http://localhost:5000/index\" \"Mozilla/5.0 (Linux; Android 11.0; Surface Duo) AppleWebKit/537.36 (KHTML, like Gecko) Chrome/131.0.0.0 Mobile Safari/537.36\""}}
[info] i  hosting: ::1 - - [28/Nov/2024:21:00:35 +0000] "GET /pages/password-reset.html HTTP/1.1" 200 - "http://localhost:5000/index" "Mozilla/5.0 (Linux; Android 11.0; Surface Duo) AppleWebKit/537.36 (KHTML, like Gecko) Chrome/131.0.0.0 Mobile Safari/537.36" {"metadata":{"emulator":{"name":"hosting"},"message":"::1 - - [28/Nov/2024:21:00:35 +0000] \"GET /pages/password-reset.html HTTP/1.1\" 200 - \"http://localhost:5000/index\" \"Mozilla/5.0 (Linux; Android 11.0; Surface Duo) AppleWebKit/537.36 (KHTML, like Gecko) Chrome/131.0.0.0 Mobile Safari/537.36\""}}
